2010-10-20 02:12:05 - /home/storage/9/b8/93/agente2/rsvps_honda/lib/inscricao.php in function #0 /home/storage/9/b8/93/agente2/rsvps_honda/lib/inscricao.php(111): PDOStatement->execute()
#1 /home/storage/9/b8/93/agente2/rsvps_honda/lib/view.php(73): inscricao_lista_todas('1011006')
#2 /home/storage/9/b8/93/agente2/rsvps_honda/lib/wc.php(56): wc_view_resgatar(Array, 'php')
#3 /home/storage/9/b8/93/agente2/rsvps_honda/public/index.php(63): wc_route_dispatch()
#4 /home/storage/9/b8/93/agente2/rsvps_honda/public/index.php(67): main()
#5 {main}() at line 111: SQLSTATE[42S22]: Column not found: 1054 Unknown column 'dta_inscricao_timestamp' in 'order clause'

2010-10-25 13:05:19: array (
  0 => 
  array (
    'int_participantes_cod_pk' => '1',
    0 => '1',
    'int_participantes_assistencia_cod_fk' => '1010433',
    1 => '1010433',
    'str_participantes_nome' => 'Flumenar Costa',
    2 => 'Flumenar Costa',
    'str_participantes_cargo' => 'Gerente de Vendas',
    3 => 'Gerente de Vendas',
    'str_participantes_cracha' => 'Flumenar Costa',
    4 => 'Flumenar Costa',
    'int_participantes_carro' => '1',
    5 => '1',
    'int_participantes_tipo' => '1',
    6 => '1',
    'dta_participantes_criado_em' => '2010-10-25 13:05:08',
    7 => '2010-10-25 13:05:08',
    'int_assistencias_cod_pk' => '1010433',
    8 => '1010433',
    'str_assistencias_grupo' => 'MONTE LEONE COM MOTOS PECAS SERVS LTDA',
    9 => 'MONTE LEONE COM MOTOS PECAS SERVS LTDA',
    'str_assistencias_nome_guerra' => 'MONTE LEONE MOTOS',
    10 => 'MONTE LEONE MOTOS',
    'int_assistencias_tipo' => '1',
    11 => '1',
    'int_assistencias_participantes' => '1',
    12 => '1',
    'int_assistencias_convidados' => '1',
    13 => '1',
  ),
  1 => 
  array (
    'int_participantes_cod_pk' => '2',
    0 => '2',
    'int_participantes_assistencia_cod_fk' => '1010433',
    1 => '1010433',
    'str_participantes_nome' => 'Convidado',
    2 => 'Convidado',
    'str_participantes_cargo' => 'Comedor de Canapés',
    3 => 'Comedor de Canapés',
    'str_participantes_cracha' => 'Convidado Canapé',
    4 => 'Convidado Canapé',
    'int_participantes_carro' => '2',
    5 => '2',
    'int_participantes_tipo' => '2',
    6 => '2',
    'dta_participantes_criado_em' => '2010-10-25 13:05:08',
    7 => '2010-10-25 13:05:08',
    'int_assistencias_cod_pk' => '1010433',
    8 => '1010433',
    'str_assistencias_grupo' => 'MONTE LEONE COM MOTOS PECAS SERVS LTDA',
    9 => 'MONTE LEONE COM MOTOS PECAS SERVS LTDA',
    'str_assistencias_nome_guerra' => 'MONTE LEONE MOTOS',
    10 => 'MONTE LEONE MOTOS',
    'int_assistencias_tipo' => '1',
    11 => '1',
    'int_assistencias_participantes' => '1',
    12 => '1',
    'int_assistencias_convidados' => '1',
    13 => '1',
  ),
)

2010-10-25 15:27:52: array (
  0 => 
  array (
    'int_participantes_cod_pk' => '1',
    0 => '1',
    'int_participantes_assistencia_cod_fk' => '1010433',
    1 => '1010433',
    'str_participantes_nome' => 'Flumenar Costa',
    2 => 'Flumenar Costa',
    'str_participantes_cargo' => 'Gerente de Vendas',
    3 => 'Gerente de Vendas',
    'str_participantes_cracha' => 'Flumenar Costa',
    4 => 'Flumenar Costa',
    'int_participantes_carro' => '1',
    5 => '1',
    'int_participantes_tipo' => '1',
    6 => '1',
    'dta_participantes_criado_em' => '2010-10-25 13:05:08',
    7 => '2010-10-25 13:05:08',
    'int_assistencias_cod_pk' => '1010433',
    8 => '1010433',
    'str_assistencias_grupo' => 'MONTE LEONE COM MOTOS PECAS SERVS LTDA',
    9 => 'MONTE LEONE COM MOTOS PECAS SERVS LTDA',
    'str_assistencias_nome_guerra' => 'MONTE LEONE MOTOS',
    10 => 'MONTE LEONE MOTOS',
    'int_assistencias_tipo' => '1',
    11 => '1',
    'int_assistencias_participantes' => '1',
    12 => '1',
    'int_assistencias_convidados' => '1',
    13 => '1',
  ),
  1 => 
  array (
    'int_participantes_cod_pk' => '2',
    0 => '2',
    'int_participantes_assistencia_cod_fk' => '1010433',
    1 => '1010433',
    'str_participantes_nome' => 'Convidado',
    2 => 'Convidado',
    'str_participantes_cargo' => 'Comedor de Canapés',
    3 => 'Comedor de Canapés',
    'str_participantes_cracha' => 'Convidado Canapé',
    4 => 'Convidado Canapé',
    'int_participantes_carro' => '2',
    5 => '2',
    'int_participantes_tipo' => '2',
    6 => '2',
    'dta_participantes_criado_em' => '2010-10-25 13:05:08',
    7 => '2010-10-25 13:05:08',
    'int_assistencias_cod_pk' => '1010433',
    8 => '1010433',
    'str_assistencias_grupo' => 'MONTE LEONE COM MOTOS PECAS SERVS LTDA',
    9 => 'MONTE LEONE COM MOTOS PECAS SERVS LTDA',
    'str_assistencias_nome_guerra' => 'MONTE LEONE MOTOS',
    10 => 'MONTE LEONE MOTOS',
    'int_assistencias_tipo' => '1',
    11 => '1',
    'int_assistencias_participantes' => '1',
    12 => '1',
    'int_assistencias_convidados' => '1',
    13 => '1',
  ),
)

2010-10-25 15:35:43: array (
  0 => 
  array (
    'int_participantes_cod_pk' => '1',
    0 => '1',
    'int_participantes_assistencia_cod_fk' => '1010433',
    1 => '1010433',
    'str_participantes_nome' => 'Flumenar Costa',
    2 => 'Flumenar Costa',
    'str_participantes_cargo' => 'Gerente de Vendas',
    3 => 'Gerente de Vendas',
    'str_participantes_cracha' => 'Flumenar Costa',
    4 => 'Flumenar Costa',
    'int_participantes_carro' => '1',
    5 => '1',
    'int_participantes_tipo' => '1',
    6 => '1',
    'dta_participantes_criado_em' => '2010-10-25 13:05:08',
    7 => '2010-10-25 13:05:08',
    'int_assistencias_cod_pk' => '1010433',
    8 => '1010433',
    'str_assistencias_grupo' => 'MONTE LEONE COM MOTOS PECAS SERVS LTDA',
    9 => 'MONTE LEONE COM MOTOS PECAS SERVS LTDA',
    'str_assistencias_nome_guerra' => 'MONTE LEONE MOTOS',
    10 => 'MONTE LEONE MOTOS',
    'int_assistencias_tipo' => '1',
    11 => '1',
    'int_assistencias_participantes' => '1',
    12 => '1',
    'int_assistencias_convidados' => '1',
    13 => '1',
  ),
  1 => 
  array (
    'int_participantes_cod_pk' => '2',
    0 => '2',
    'int_participantes_assistencia_cod_fk' => '1010433',
    1 => '1010433',
    'str_participantes_nome' => 'Convidado',
    2 => 'Convidado',
    'str_participantes_cargo' => 'Comedor de Canapés',
    3 => 'Comedor de Canapés',
    'str_participantes_cracha' => 'Convidado Canapé',
    4 => 'Convidado Canapé',
    'int_participantes_carro' => '2',
    5 => '2',
    'int_participantes_tipo' => '2',
    6 => '2',
    'dta_participantes_criado_em' => '2010-10-25 13:05:08',
    7 => '2010-10-25 13:05:08',
    'int_assistencias_cod_pk' => '1010433',
    8 => '1010433',
    'str_assistencias_grupo' => 'MONTE LEONE COM MOTOS PECAS SERVS LTDA',
    9 => 'MONTE LEONE COM MOTOS PECAS SERVS LTDA',
    'str_assistencias_nome_guerra' => 'MONTE LEONE MOTOS',
    10 => 'MONTE LEONE MOTOS',
    'int_assistencias_tipo' => '1',
    11 => '1',
    'int_assistencias_participantes' => '1',
    12 => '1',
    'int_assistencias_convidados' => '1',
    13 => '1',
  ),
  2 => 
  array (
    'int_participantes_cod_pk' => '3',
    0 => '3',
    'int_participantes_assistencia_cod_fk' => '1015052',
    1 => '1015052',
    'str_participantes_nome' => 'Gisele',
    2 => 'Gisele',
    'str_participantes_cargo' => 'Analista',
    3 => 'Analista',
    'str_participantes_cracha' => 'Gi',
    4 => 'Gi',
    'int_participantes_carro' => '2',
    5 => '2',
    'int_participantes_tipo' => '1',
    6 => '1',
    'dta_participantes_criado_em' => '2010-10-25 15:32:32',
    7 => '2010-10-25 15:32:32',
    'int_assistencias_cod_pk' => '1015052',
    8 => '1015052',
    'str_assistencias_grupo' => 'NARA MOTOS COM EXP E IMP VEICS LTDA',
    9 => 'NARA MOTOS COM EXP E IMP VEICS LTDA',
    'str_assistencias_nome_guerra' => 'NARAMOTOS',
    10 => 'NARAMOTOS',
    'int_assistencias_tipo' => '1',
    11 => '1',
    'int_assistencias_participantes' => '2',
    12 => '2',
    'int_assistencias_convidados' => '0',
    13 => '0',
  ),
  3 => 
  array (
    'int_participantes_cod_pk' => '4',
    0 => '4',
    'int_participantes_assistencia_cod_fk' => '1015052',
    1 => '1015052',
    'str_participantes_nome' => 'Segala',
    2 => 'Segala',
    'str_participantes_cargo' => 'Gerente',
    3 => 'Gerente',
    'str_participantes_cracha' => 'Segala',
    4 => 'Segala',
    'int_participantes_carro' => '2',
    5 => '2',
    'int_participantes_tipo' => '1',
    6 => '1',
    'dta_participantes_criado_em' => '2010-10-25 15:32:32',
    7 => '2010-10-25 15:32:32',
    'int_assistencias_cod_pk' => '1015052',
    8 => '1015052',
    'str_assistencias_grupo' => 'NARA MOTOS COM EXP E IMP VEICS LTDA',
    9 => 'NARA MOTOS COM EXP E IMP VEICS LTDA',
    'str_assistencias_nome_guerra' => 'NARAMOTOS',
    10 => 'NARAMOTOS',
    'int_assistencias_tipo' => '1',
    11 => '1',
    'int_assistencias_participantes' => '2',
    12 => '2',
    'int_assistencias_convidados' => '0',
    13 => '0',
  ),
  4 => 
  array (
    'int_participantes_cod_pk' => '5',
    0 => '5',
    'int_participantes_assistencia_cod_fk' => '1017497',
    1 => '1017497',
    'str_participantes_nome' => 'gisele',
    2 => 'gisele',
    'str_participantes_cargo' => 'analista',
    3 => 'analista',
    'str_participantes_cracha' => 'gi',
    4 => 'gi',
    'int_participantes_carro' => '1',
    5 => '1',
    'int_participantes_tipo' => '1',
    6 => '1',
    'dta_participantes_criado_em' => '2010-10-25 15:34:49',
    7 => '2010-10-25 15:34:49',
    'int_assistencias_cod_pk' => '1017497',
    8 => '1017497',
    'str_assistencias_grupo' => 'GUACU MOTOS LTDA',
    9 => 'GUACU MOTOS LTDA',
    'str_assistencias_nome_guerra' => 'GUACUMOTOS',
    10 => 'GUACUMOTOS',
    'int_assistencias_tipo' => '1',
    11 => '1',
    'int_assistencias_participantes' => '2',
    12 => '2',
    'int_assistencias_convidados' => '0',
    13 => '0',
  ),
  5 => 
  array (
    'int_participantes_cod_pk' => '6',
    0 => '6',
    'int_participantes_assistencia_cod_fk' => '1017497',
    1 => '1017497',
    'str_participantes_nome' => 'segala',
    2 => 'segala',
    'str_participantes_cargo' => 'analista',
    3 => 'analista',
    'str_participantes_cracha' => 'segala',
    4 => 'segala',
    'int_participantes_carro' => '1',
    5 => '1',
    'int_participantes_tipo' => '1',
    6 => '1',
    'dta_participantes_criado_em' => '2010-10-25 15:34:49',
    7 => '2010-10-25 15:34:49',
    'int_assistencias_cod_pk' => '1017497',
    8 => '1017497',
    'str_assistencias_grupo' => 'GUACU MOTOS LTDA',
    9 => 'GUACU MOTOS LTDA',
    'str_assistencias_nome_guerra' => 'GUACUMOTOS',
    10 => 'GUACUMOTOS',
    'int_assistencias_tipo' => '1',
    11 => '1',
    'int_assistencias_participantes' => '2',
    12 => '2',
    'int_assistencias_convidados' => '0',
    13 => '0',
  ),
  6 => 
  array (
    'int_participantes_cod_pk' => '7',
    0 => '7',
    'int_participantes_assistencia_cod_fk' => '1017888',
    1 => '1017888',
    'str_participantes_nome' => 'g',
    2 => 'g',
    'str_participantes_cargo' => 'a',
    3 => 'a',
    'str_participantes_cracha' => 'g',
    4 => 'g',
    'int_participantes_carro' => '1',
    5 => '1',
    'int_participantes_tipo' => '1',
    6 => '1',
    'dta_participantes_criado_em' => '2010-10-25 15:35:31',
    7 => '2010-10-25 15:35:31',
    'int_assistencias_cod_pk' => '1017888',
    8 => '1017888',
    'str_assistencias_grupo' => 'R C C MOTOS LTDA',
    9 => 'R C C MOTOS LTDA',
    'str_assistencias_nome_guerra' => 'RCC MOTOS',
    10 => 'RCC MOTOS',
    'int_assistencias_tipo' => '1',
    11 => '1',
    'int_assistencias_participantes' => '2',
    12 => '2',
    'int_assistencias_convidados' => '0',
    13 => '0',
  ),
  7 => 
  array (
    'int_participantes_cod_pk' => '8',
    0 => '8',
    'int_participantes_assistencia_cod_fk' => '1017888',
    1 => '1017888',
    'str_participantes_nome' => 'b',
    2 => 'b',
    'str_participantes_cargo' => 'c',
    3 => 'c',
    'str_participantes_cracha' => 'd',
    4 => 'd',
    'int_participantes_carro' => '1',
    5 => '1',
    'int_participantes_tipo' => '1',
    6 => '1',
    'dta_participantes_criado_em' => '2010-10-25 15:35:31',
    7 => '2010-10-25 15:35:31',
    'int_assistencias_cod_pk' => '1017888',
    8 => '1017888',
    'str_assistencias_grupo' => 'R C C MOTOS LTDA',
    9 => 'R C C MOTOS LTDA',
    'str_assistencias_nome_guerra' => 'RCC MOTOS',
    10 => 'RCC MOTOS',
    'int_assistencias_tipo' => '1',
    11 => '1',
    'int_assistencias_participantes' => '2',
    12 => '2',
    'int_assistencias_convidados' => '0',
    13 => '0',
  ),
)

2010-10-25 15:35:54: array (
  0 => 
  array (
    'int_participantes_cod_pk' => '1',
    0 => '1',
    'int_participantes_assistencia_cod_fk' => '1010433',
    1 => '1010433',
    'str_participantes_nome' => 'Flumenar Costa',
    2 => 'Flumenar Costa',
    'str_participantes_cargo' => 'Gerente de Vendas',
    3 => 'Gerente de Vendas',
    'str_participantes_cracha' => 'Flumenar Costa',
    4 => 'Flumenar Costa',
    'int_participantes_carro' => '1',
    5 => '1',
    'int_participantes_tipo' => '1',
    6 => '1',
    'dta_participantes_criado_em' => '2010-10-25 13:05:08',
    7 => '2010-10-25 13:05:08',
    'int_assistencias_cod_pk' => '1010433',
    8 => '1010433',
    'str_assistencias_grupo' => 'MONTE LEONE COM MOTOS PECAS SERVS LTDA',
    9 => 'MONTE LEONE COM MOTOS PECAS SERVS LTDA',
    'str_assistencias_nome_guerra' => 'MONTE LEONE MOTOS',
    10 => 'MONTE LEONE MOTOS',
    'int_assistencias_tipo' => '1',
    11 => '1',
    'int_assistencias_participantes' => '1',
    12 => '1',
    'int_assistencias_convidados' => '1',
    13 => '1',
  ),
  1 => 
  array (
    'int_participantes_cod_pk' => '2',
    0 => '2',
    'int_participantes_assistencia_cod_fk' => '1010433',
    1 => '1010433',
    'str_participantes_nome' => 'Convidado',
    2 => 'Convidado',
    'str_participantes_cargo' => 'Comedor de Canapés',
    3 => 'Comedor de Canapés',
    'str_participantes_cracha' => 'Convidado Canapé',
    4 => 'Convidado Canapé',
    'int_participantes_carro' => '2',
    5 => '2',
    'int_participantes_tipo' => '2',
    6 => '2',
    'dta_participantes_criado_em' => '2010-10-25 13:05:08',
    7 => '2010-10-25 13:05:08',
    'int_assistencias_cod_pk' => '1010433',
    8 => '1010433',
    'str_assistencias_grupo' => 'MONTE LEONE COM MOTOS PECAS SERVS LTDA',
    9 => 'MONTE LEONE COM MOTOS PECAS SERVS LTDA',
    'str_assistencias_nome_guerra' => 'MONTE LEONE MOTOS',
    10 => 'MONTE LEONE MOTOS',
    'int_assistencias_tipo' => '1',
    11 => '1',
    'int_assistencias_participantes' => '1',
    12 => '1',
    'int_assistencias_convidados' => '1',
    13 => '1',
  ),
  2 => 
  array (
    'int_participantes_cod_pk' => '3',
    0 => '3',
    'int_participantes_assistencia_cod_fk' => '1015052',
    1 => '1015052',
    'str_participantes_nome' => 'Gisele',
    2 => 'Gisele',
    'str_participantes_cargo' => 'Analista',
    3 => 'Analista',
    'str_participantes_cracha' => 'Gi',
    4 => 'Gi',
    'int_participantes_carro' => '2',
    5 => '2',
    'int_participantes_tipo' => '1',
    6 => '1',
    'dta_participantes_criado_em' => '2010-10-25 15:32:32',
    7 => '2010-10-25 15:32:32',
    'int_assistencias_cod_pk' => '1015052',
    8 => '1015052',
    'str_assistencias_grupo' => 'NARA MOTOS COM EXP E IMP VEICS LTDA',
    9 => 'NARA MOTOS COM EXP E IMP VEICS LTDA',
    'str_assistencias_nome_guerra' => 'NARAMOTOS',
    10 => 'NARAMOTOS',
    'int_assistencias_tipo' => '1',
    11 => '1',
    'int_assistencias_participantes' => '2',
    12 => '2',
    'int_assistencias_convidados' => '0',
    13 => '0',
  ),
  3 => 
  array (
    'int_participantes_cod_pk' => '4',
    0 => '4',
    'int_participantes_assistencia_cod_fk' => '1015052',
    1 => '1015052',
    'str_participantes_nome' => 'Segala',
    2 => 'Segala',
    'str_participantes_cargo' => 'Gerente',
    3 => 'Gerente',
    'str_participantes_cracha' => 'Segala',
    4 => 'Segala',
    'int_participantes_carro' => '2',
    5 => '2',
    'int_participantes_tipo' => '1',
    6 => '1',
    'dta_participantes_criado_em' => '2010-10-25 15:32:32',
    7 => '2010-10-25 15:32:32',
    'int_assistencias_cod_pk' => '1015052',
    8 => '1015052',
    'str_assistencias_grupo' => 'NARA MOTOS COM EXP E IMP VEICS LTDA',
    9 => 'NARA MOTOS COM EXP E IMP VEICS LTDA',
    'str_assistencias_nome_guerra' => 'NARAMOTOS',
    10 => 'NARAMOTOS',
    'int_assistencias_tipo' => '1',
    11 => '1',
    'int_assistencias_participantes' => '2',
    12 => '2',
    'int_assistencias_convidados' => '0',
    13 => '0',
  ),
  4 => 
  array (
    'int_participantes_cod_pk' => '5',
    0 => '5',
    'int_participantes_assistencia_cod_fk' => '1017497',
    1 => '1017497',
    'str_participantes_nome' => 'gisele',
    2 => 'gisele',
    'str_participantes_cargo' => 'analista',
    3 => 'analista',
    'str_participantes_cracha' => 'gi',
    4 => 'gi',
    'int_participantes_carro' => '1',
    5 => '1',
    'int_participantes_tipo' => '1',
    6 => '1',
    'dta_participantes_criado_em' => '2010-10-25 15:34:49',
    7 => '2010-10-25 15:34:49',
    'int_assistencias_cod_pk' => '1017497',
    8 => '1017497',
    'str_assistencias_grupo' => 'GUACU MOTOS LTDA',
    9 => 'GUACU MOTOS LTDA',
    'str_assistencias_nome_guerra' => 'GUACUMOTOS',
    10 => 'GUACUMOTOS',
    'int_assistencias_tipo' => '1',
    11 => '1',
    'int_assistencias_participantes' => '2',
    12 => '2',
    'int_assistencias_convidados' => '0',
    13 => '0',
  ),
  5 => 
  array (
    'int_participantes_cod_pk' => '6',
    0 => '6',
    'int_participantes_assistencia_cod_fk' => '1017497',
    1 => '1017497',
    'str_participantes_nome' => 'segala',
    2 => 'segala',
    'str_participantes_cargo' => 'analista',
    3 => 'analista',
    'str_participantes_cracha' => 'segala',
    4 => 'segala',
    'int_participantes_carro' => '1',
    5 => '1',
    'int_participantes_tipo' => '1',
    6 => '1',
    'dta_participantes_criado_em' => '2010-10-25 15:34:49',
    7 => '2010-10-25 15:34:49',
    'int_assistencias_cod_pk' => '1017497',
    8 => '1017497',
    'str_assistencias_grupo' => 'GUACU MOTOS LTDA',
    9 => 'GUACU MOTOS LTDA',
    'str_assistencias_nome_guerra' => 'GUACUMOTOS',
    10 => 'GUACUMOTOS',
    'int_assistencias_tipo' => '1',
    11 => '1',
    'int_assistencias_participantes' => '2',
    12 => '2',
    'int_assistencias_convidados' => '0',
    13 => '0',
  ),
  6 => 
  array (
    'int_participantes_cod_pk' => '7',
    0 => '7',
    'int_participantes_assistencia_cod_fk' => '1017888',
    1 => '1017888',
    'str_participantes_nome' => 'g',
    2 => 'g',
    'str_participantes_cargo' => 'a',
    3 => 'a',
    'str_participantes_cracha' => 'g',
    4 => 'g',
    'int_participantes_carro' => '1',
    5 => '1',
    'int_participantes_tipo' => '1',
    6 => '1',
    'dta_participantes_criado_em' => '2010-10-25 15:35:31',
    7 => '2010-10-25 15:35:31',
    'int_assistencias_cod_pk' => '1017888',
    8 => '1017888',
    'str_assistencias_grupo' => 'R C C MOTOS LTDA',
    9 => 'R C C MOTOS LTDA',
    'str_assistencias_nome_guerra' => 'RCC MOTOS',
    10 => 'RCC MOTOS',
    'int_assistencias_tipo' => '1',
    11 => '1',
    'int_assistencias_participantes' => '2',
    12 => '2',
    'int_assistencias_convidados' => '0',
    13 => '0',
  ),
  7 => 
  array (
    'int_participantes_cod_pk' => '8',
    0 => '8',
    'int_participantes_assistencia_cod_fk' => '1017888',
    1 => '1017888',
    'str_participantes_nome' => 'b',
    2 => 'b',
    'str_participantes_cargo' => 'c',
    3 => 'c',
    'str_participantes_cracha' => 'd',
    4 => 'd',
    'int_participantes_carro' => '1',
    5 => '1',
    'int_participantes_tipo' => '1',
    6 => '1',
    'dta_participantes_criado_em' => '2010-10-25 15:35:31',
    7 => '2010-10-25 15:35:31',
    'int_assistencias_cod_pk' => '1017888',
    8 => '1017888',
    'str_assistencias_grupo' => 'R C C MOTOS LTDA',
    9 => 'R C C MOTOS LTDA',
    'str_assistencias_nome_guerra' => 'RCC MOTOS',
    10 => 'RCC MOTOS',
    'int_assistencias_tipo' => '1',
    11 => '1',
    'int_assistencias_participantes' => '2',
    12 => '2',
    'int_assistencias_convidados' => '0',
    13 => '0',
  ),
)

2010-10-28 16:23:40: array (
  0 => 
  array (
    'int_participantes_cod_pk' => '1',
    0 => '1',
    'int_participantes_assistencia_cod_fk' => '1010433',
    1 => '1010433',
    'str_participantes_nome' => 'Flumenar Costa',
    2 => 'Flumenar Costa',
    'str_participantes_cargo' => 'Gerente de Vendas',
    3 => 'Gerente de Vendas',
    'str_participantes_cracha' => 'Flumenar Costa',
    4 => 'Flumenar Costa',
    'int_participantes_carro' => '1',
    5 => '1',
    'int_participantes_tipo' => '1',
    6 => '1',
    'dta_participantes_criado_em' => '2010-10-25 13:05:08',
    7 => '2010-10-25 13:05:08',
    'int_assistencias_cod_pk' => '1010433',
    8 => '1010433',
    'str_assistencias_grupo' => 'MONTE LEONE COM MOTOS PECAS SERVS LTDA',
    9 => 'MONTE LEONE COM MOTOS PECAS SERVS LTDA',
    'str_assistencias_nome_guerra' => 'MONTE LEONE MOTOS',
    10 => 'MONTE LEONE MOTOS',
    'int_assistencias_tipo' => '1',
    11 => '1',
    'int_assistencias_participantes' => '1',
    12 => '1',
    'int_assistencias_convidados' => '1',
    13 => '1',
  ),
  1 => 
  array (
    'int_participantes_cod_pk' => '2',
    0 => '2',
    'int_participantes_assistencia_cod_fk' => '1010433',
    1 => '1010433',
    'str_participantes_nome' => 'Convidado',
    2 => 'Convidado',
    'str_participantes_cargo' => 'Comedor de Canapés',
    3 => 'Comedor de Canapés',
    'str_participantes_cracha' => 'Convidado Canapé',
    4 => 'Convidado Canapé',
    'int_participantes_carro' => '2',
    5 => '2',
    'int_participantes_tipo' => '2',
    6 => '2',
    'dta_participantes_criado_em' => '2010-10-25 13:05:08',
    7 => '2010-10-25 13:05:08',
    'int_assistencias_cod_pk' => '1010433',
    8 => '1010433',
    'str_assistencias_grupo' => 'MONTE LEONE COM MOTOS PECAS SERVS LTDA',
    9 => 'MONTE LEONE COM MOTOS PECAS SERVS LTDA',
    'str_assistencias_nome_guerra' => 'MONTE LEONE MOTOS',
    10 => 'MONTE LEONE MOTOS',
    'int_assistencias_tipo' => '1',
    11 => '1',
    'int_assistencias_participantes' => '1',
    12 => '1',
    'int_assistencias_convidados' => '1',
    13 => '1',
  ),
  2 => 
  array (
    'int_participantes_cod_pk' => '9',
    0 => '9',
    'int_participantes_assistencia_cod_fk' => '1012916',
    1 => '1012916',
    'str_participantes_nome' => 'a',
    2 => 'a',
    'str_participantes_cargo' => 'b',
    3 => 'b',
    'str_participantes_cracha' => 'c',
    4 => 'c',
    'int_participantes_carro' => '1',
    5 => '1',
    'int_participantes_tipo' => '1',
    6 => '1',
    'dta_participantes_criado_em' => '2010-10-25 15:52:22',
    7 => '2010-10-25 15:52:22',
    'int_assistencias_cod_pk' => '1012916',
    8 => '1012916',
    'str_assistencias_grupo' => 'MOTORODA COM DE MOTOCS E VEICULOS LTDA',
    9 => 'MOTORODA COM DE MOTOCS E VEICULOS LTDA',
    'str_assistencias_nome_guerra' => 'MOTORODA',
    10 => 'MOTORODA',
    'int_assistencias_tipo' => '1',
    11 => '1',
    'int_assistencias_participantes' => '2',
    12 => '2',
    'int_assistencias_convidados' => '0',
    13 => '0',
  ),
  3 => 
  array (
    'int_participantes_cod_pk' => '10',
    0 => '10',
    'int_participantes_assistencia_cod_fk' => '1012916',
    1 => '1012916',
    'str_participantes_nome' => 'd',
    2 => 'd',
    'str_participantes_cargo' => 'e',
    3 => 'e',
    'str_participantes_cracha' => 'f',
    4 => 'f',
    'int_participantes_carro' => '1',
    5 => '1',
    'int_participantes_tipo' => '1',
    6 => '1',
    'dta_participantes_criado_em' => '2010-10-25 15:52:22',
    7 => '2010-10-25 15:52:22',
    'int_assistencias_cod_pk' => '1012916',
    8 => '1012916',
    'str_assistencias_grupo' => 'MOTORODA COM DE MOTOCS E VEICULOS LTDA',
    9 => 'MOTORODA COM DE MOTOCS E VEICULOS LTDA',
    'str_assistencias_nome_guerra' => 'MOTORODA',
    10 => 'MOTORODA',
    'int_assistencias_tipo' => '1',
    11 => '1',
    'int_assistencias_participantes' => '2',
    12 => '2',
    'int_assistencias_convidados' => '0',
    13 => '0',
  ),
  4 => 
  array (
    'int_participantes_cod_pk' => '11',
    0 => '11',
    'int_participantes_assistencia_cod_fk' => '1014617',
    1 => '1014617',
    'str_participantes_nome' => 'Agenor Alves Botelho',
    2 => 'Agenor Alves Botelho',
    'str_participantes_cargo' => 'Gerente de Vendas',
    3 => 'Gerente de Vendas',
    'str_participantes_cracha' => 'Agenor Boteho',
    4 => 'Agenor Boteho',
    'int_participantes_carro' => '1',
    5 => '1',
    'int_participantes_tipo' => '1',
    6 => '1',
    'dta_participantes_criado_em' => '2010-10-28 16:22:59',
    7 => '2010-10-28 16:22:59',
    'int_assistencias_cod_pk' => '1014617',
    8 => '1014617',
    'str_assistencias_grupo' => 'REVENDEDORA SUL GOIANA MOTOS LTDA',
    9 => 'REVENDEDORA SUL GOIANA MOTOS LTDA',
    'str_assistencias_nome_guerra' => 'FORMULA R',
    10 => 'FORMULA R',
    'int_assistencias_tipo' => '1',
    11 => '1',
    'int_assistencias_participantes' => '2',
    12 => '2',
    'int_assistencias_convidados' => '0',
    13 => '0',
  ),
  5 => 
  array (
    'int_participantes_cod_pk' => '12',
    0 => '12',
    'int_participantes_assistencia_cod_fk' => '1014617',
    1 => '1014617',
    'str_participantes_nome' => 'Flumenar Costa',
    2 => 'Flumenar Costa',
    'str_participantes_cargo' => 'Vendedor',
    3 => 'Vendedor',
    'str_participantes_cracha' => 'Flumenar Costa',
    4 => 'Flumenar Costa',
    'int_participantes_carro' => '2',
    5 => '2',
    'int_participantes_tipo' => '1',
    6 => '1',
    'dta_participantes_criado_em' => '2010-10-28 16:23:15',
    7 => '2010-10-28 16:23:15',
    'int_assistencias_cod_pk' => '1014617',
    8 => '1014617',
    'str_assistencias_grupo' => 'REVENDEDORA SUL GOIANA MOTOS LTDA',
    9 => 'REVENDEDORA SUL GOIANA MOTOS LTDA',
    'str_assistencias_nome_guerra' => 'FORMULA R',
    10 => 'FORMULA R',
    'int_assistencias_tipo' => '1',
    11 => '1',
    'int_assistencias_participantes' => '2',
    12 => '2',
    'int_assistencias_convidados' => '0',
    13 => '0',
  ),
  6 => 
  array (
    'int_participantes_cod_pk' => '3',
    0 => '3',
    'int_participantes_assistencia_cod_fk' => '1015052',
    1 => '1015052',
    'str_participantes_nome' => 'Gisele',
    2 => 'Gisele',
    'str_participantes_cargo' => 'Analista',
    3 => 'Analista',
    'str_participantes_cracha' => 'Gi',
    4 => 'Gi',
    'int_participantes_carro' => '2',
    5 => '2',
    'int_participantes_tipo' => '1',
    6 => '1',
    'dta_participantes_criado_em' => '2010-10-25 15:32:32',
    7 => '2010-10-25 15:32:32',
    'int_assistencias_cod_pk' => '1015052',
    8 => '1015052',
    'str_assistencias_grupo' => 'NARA MOTOS COM EXP E IMP VEICS LTDA',
    9 => 'NARA MOTOS COM EXP E IMP VEICS LTDA',
    'str_assistencias_nome_guerra' => 'NARAMOTOS',
    10 => 'NARAMOTOS',
    'int_assistencias_tipo' => '1',
    11 => '1',
    'int_assistencias_participantes' => '2',
    12 => '2',
    'int_assistencias_convidados' => '0',
    13 => '0',
  ),
  7 => 
  array (
    'int_participantes_cod_pk' => '4',
    0 => '4',
    'int_participantes_assistencia_cod_fk' => '1015052',
    1 => '1015052',
    'str_participantes_nome' => 'Segala',
    2 => 'Segala',
    'str_participantes_cargo' => 'Gerente',
    3 => 'Gerente',
    'str_participantes_cracha' => 'Segala',
    4 => 'Segala',
    'int_participantes_carro' => '2',
    5 => '2',
    'int_participantes_tipo' => '1',
    6 => '1',
    'dta_participantes_criado_em' => '2010-10-25 15:32:32',
    7 => '2010-10-25 15:32:32',
    'int_assistencias_cod_pk' => '1015052',
    8 => '1015052',
    'str_assistencias_grupo' => 'NARA MOTOS COM EXP E IMP VEICS LTDA',
    9 => 'NARA MOTOS COM EXP E IMP VEICS LTDA',
    'str_assistencias_nome_guerra' => 'NARAMOTOS',
    10 => 'NARAMOTOS',
    'int_assistencias_tipo' => '1',
    11 => '1',
    'int_assistencias_participantes' => '2',
    12 => '2',
    'int_assistencias_convidados' => '0',
    13 => '0',
  ),
  8 => 
  array (
    'int_participantes_cod_pk' => '5',
    0 => '5',
    'int_participantes_assistencia_cod_fk' => '1017497',
    1 => '1017497',
    'str_participantes_nome' => 'gisele',
    2 => 'gisele',
    'str_participantes_cargo' => 'analista',
    3 => 'analista',
    'str_participantes_cracha' => 'gi',
    4 => 'gi',
    'int_participantes_carro' => '1',
    5 => '1',
    'int_participantes_tipo' => '1',
    6 => '1',
    'dta_participantes_criado_em' => '2010-10-25 15:34:49',
    7 => '2010-10-25 15:34:49',
    'int_assistencias_cod_pk' => '1017497',
    8 => '1017497',
    'str_assistencias_grupo' => 'GUACU MOTOS LTDA',
    9 => 'GUACU MOTOS LTDA',
    'str_assistencias_nome_guerra' => 'GUACUMOTOS',
    10 => 'GUACUMOTOS',
    'int_assistencias_tipo' => '1',
    11 => '1',
    'int_assistencias_participantes' => '2',
    12 => '2',
    'int_assistencias_convidados' => '0',
    13 => '0',
  ),
  9 => 
  array (
    'int_participantes_cod_pk' => '6',
    0 => '6',
    'int_participantes_assistencia_cod_fk' => '1017497',
    1 => '1017497',
    'str_participantes_nome' => 'segala',
    2 => 'segala',
    'str_participantes_cargo' => 'analista',
    3 => 'analista',
    'str_participantes_cracha' => 'segala',
    4 => 'segala',
    'int_participantes_carro' => '1',
    5 => '1',
    'int_participantes_tipo' => '1',
    6 => '1',
    'dta_participantes_criado_em' => '2010-10-25 15:34:49',
    7 => '2010-10-25 15:34:49',
    'int_assistencias_cod_pk' => '1017497',
    8 => '1017497',
    'str_assistencias_grupo' => 'GUACU MOTOS LTDA',
    9 => 'GUACU MOTOS LTDA',
    'str_assistencias_nome_guerra' => 'GUACUMOTOS',
    10 => 'GUACUMOTOS',
    'int_assistencias_tipo' => '1',
    11 => '1',
    'int_assistencias_participantes' => '2',
    12 => '2',
    'int_assistencias_convidados' => '0',
    13 => '0',
  ),
  10 => 
  array (
    'int_participantes_cod_pk' => '7',
    0 => '7',
    'int_participantes_assistencia_cod_fk' => '1017888',
    1 => '1017888',
    'str_participantes_nome' => 'g',
    2 => 'g',
    'str_participantes_cargo' => 'a',
    3 => 'a',
    'str_participantes_cracha' => 'g',
    4 => 'g',
    'int_participantes_carro' => '1',
    5 => '1',
    'int_participantes_tipo' => '1',
    6 => '1',
    'dta_participantes_criado_em' => '2010-10-25 15:35:31',
    7 => '2010-10-25 15:35:31',
    'int_assistencias_cod_pk' => '1017888',
    8 => '1017888',
    'str_assistencias_grupo' => 'R C C MOTOS LTDA',
    9 => 'R C C MOTOS LTDA',
    'str_assistencias_nome_guerra' => 'RCC MOTOS',
    10 => 'RCC MOTOS',
    'int_assistencias_tipo' => '1',
    11 => '1',
    'int_assistencias_participantes' => '2',
    12 => '2',
    'int_assistencias_convidados' => '0',
    13 => '0',
  ),
  11 => 
  array (
    'int_participantes_cod_pk' => '8',
    0 => '8',
    'int_participantes_assistencia_cod_fk' => '1017888',
    1 => '1017888',
    'str_participantes_nome' => 'b',
    2 => 'b',
    'str_participantes_cargo' => 'c',
    3 => 'c',
    'str_participantes_cracha' => 'd',
    4 => 'd',
    'int_participantes_carro' => '1',
    5 => '1',
    'int_participantes_tipo' => '1',
    6 => '1',
    'dta_participantes_criado_em' => '2010-10-25 15:35:31',
    7 => '2010-10-25 15:35:31',
    'int_assistencias_cod_pk' => '1017888',
    8 => '1017888',
    'str_assistencias_grupo' => 'R C C MOTOS LTDA',
    9 => 'R C C MOTOS LTDA',
    'str_assistencias_nome_guerra' => 'RCC MOTOS',
    10 => 'RCC MOTOS',
    'int_assistencias_tipo' => '1',
    11 => '1',
    'int_assistencias_participantes' => '2',
    12 => '2',
    'int_assistencias_convidados' => '0',
    13 => '0',
  ),
)

2010-10-30 18:27:21: Otimizar: SELECT * FROM tab_assistencias WHERE int_assistencias_cod_pk = '1017306' LIMIT 1

2010-10-30 18:27:22: Otimizar: SELECT * FROM tab_assistencias WHERE int_assistencias_cod_pk = '1017306' LIMIT 1

2010-10-30 18:27:22: Otimizar: SELECT int_inscricoes_assistencias_inscricao_id_fk FROM tab_inscricoes_assistencias WHERE int_inscricoes_assistencias_assistencia_id_fk = '1017306' LIMIT 1

2010-10-30 18:28:00: Otimizar: SELECT * FROM tab_assistencias WHERE int_assistencias_cod_pk = '1010026' LIMIT 1

2010-10-30 18:28:03: Otimizar: SELECT * FROM tab_assistencias WHERE int_assistencias_cod_pk = '1010026' LIMIT 1

2010-10-30 18:28:03: Otimizar: SELECT int_inscricoes_assistencias_inscricao_id_fk FROM tab_inscricoes_assistencias WHERE int_inscricoes_assistencias_assistencia_id_fk = '1010026' LIMIT 1

2010-10-30 18:28:40: Otimizar: SELECT * FROM tab_assistencias WHERE int_assistencias_cod_pk = '1017306' LIMIT 1

2010-10-30 18:28:40: Otimizar: SELECT int_inscricoes_assistencias_inscricao_id_fk FROM tab_inscricoes_assistencias WHERE int_inscricoes_assistencias_assistencia_id_fk = '1017306' LIMIT 1

2010-10-30 18:30:08: Otimizar: SELECT * FROM tab_assistencias WHERE int_assistencias_cod_pk = '1017306' LIMIT 1

2010-10-30 18:30:08: Otimizar: SELECT int_inscricoes_assistencias_inscricao_id_fk FROM tab_inscricoes_assistencias WHERE int_inscricoes_assistencias_assistencia_id_fk = '1017306' LIMIT 1

2010-11-02 11:03:16 - /home/storage/9/b8/93/agente2/rsvps_honda/public/index.php in function #0 /home/storage/9/b8/93/agente2/rsvps_honda/public/index.php(56): PDO->__construct('mysql:host=mysq...', 'agente22', 'agt2xx10', Array)
#1 /home/storage/9/b8/93/agente2/rsvps_honda/public/index.php(67): main()
#2 {main}() at line 56: SQLSTATE[HY000] [2013] Lost connection to MySQL server at 'reading initial communication packet', system error: 111

2010-11-02 11:03:24 - /home/storage/9/b8/93/agente2/rsvps_honda/public/index.php in function #0 /home/storage/9/b8/93/agente2/rsvps_honda/public/index.php(56): PDO->__construct('mysql:host=mysq...', 'agente22', 'agt2xx10', Array)
#1 /home/storage/9/b8/93/agente2/rsvps_honda/public/index.php(67): main()
#2 {main}() at line 56: SQLSTATE[HY000] [2013] Lost connection to MySQL server at 'reading initial communication packet', system error: 111

2010-11-06 16:20:54 - /home/storage/9/b8/93/agente2/rsvps_honda/lib/inscricao.php in function #0 /home/storage/9/b8/93/agente2/rsvps_honda/lib/inscricao.php(11): PDOStatement->execute()
#1 /home/storage/9/b8/93/agente2/rsvps_honda/lib/view.php(199): inscricao_concessionaria_por_codigo(''1')
#2 /home/storage/9/b8/93/agente2/rsvps_honda/lib/wc.php(56): wc_view_concessionaria_dados(Array, 'php')
#3 /home/storage/9/b8/93/agente2/rsvps_honda/public/index.php(63): wc_route_dispatch()
#4 /home/storage/9/b8/93/agente2/rsvps_honda/public/index.php(67): main()
#5 {main}() at line 11: SQLSTATE[42000]: Syntax error or access violation: 1064 You have an error in your SQL syntax; check the manual that corresponds to your MySQL server version for the right syntax to use near '1' LIMIT 1' at line 1

2010-11-06 16:20:55 - /home/storage/9/b8/93/agente2/rsvps_honda/lib/inscricao.php in function #0 /home/storage/9/b8/93/agente2/rsvps_honda/lib/inscricao.php(11): PDOStatement->execute()
#1 /home/storage/9/b8/93/agente2/rsvps_honda/lib/view.php(199): inscricao_concessionaria_por_codigo(''')
#2 /home/storage/9/b8/93/agente2/rsvps_honda/lib/wc.php(56): wc_view_concessionaria_dados(Array, 'php')
#3 /home/storage/9/b8/93/agente2/rsvps_honda/public/index.php(63): wc_route_dispatch()
#4 /home/storage/9/b8/93/agente2/rsvps_honda/public/index.php(67): main()
#5 {main}() at line 11: SQLSTATE[42000]: Syntax error or access violation: 1064 You have an error in your SQL syntax; check the manual that corresponds to your MySQL server version for the right syntax to use near '''' LIMIT 1' at line 1

2010-11-11 19:08:51: 487

2010-11-11 19:09:10: 1

2010-11-11 19:09:24: 1

2010-11-11 19:09:28: 487

2010-11-11 19:09:30: 487

2010-11-11 19:09:54: 487

2010-11-11 19:10:02: 487

2010-11-12 09:11:14: 488

2010-11-12 09:17:23: 1

2010-11-12 09:18:00: 1

2010-11-12 09:26:10: 1

2010-11-12 09:26:36: 488

2010-11-12 09:27:28: 488

2010-11-12 09:29:39: 488

2010-11-12 09:58:15: 488

2010-11-12 09:58:52: 488

2010-11-12 09:59:00: 488

2010-11-12 09:59:06: 488

2010-11-12 09:59:09: 488

2010-11-12 09:59:13: 488

2010-11-12 10:10:01: 489

2010-11-12 10:11:23: 0

2010-11-12 10:12:15: 489

2010-11-12 10:12:32: 1

2010-11-12 10:13:19: 1

2010-11-12 10:13:31: 1

2010-11-12 10:13:38: 1

2010-11-12 10:13:58: 1

2010-11-12 10:14:04: 1

2010-11-12 10:14:09: 1

2010-11-12 10:14:13: 489

2010-11-12 10:14:45: 1

2010-11-12 10:14:54: 1

2010-11-12 10:15:00: 1

2010-11-12 10:15:08: 1

2010-11-12 10:15:40: 1

2010-11-12 10:19:00: 1

2010-11-12 10:21:19: 0

2010-11-12 10:21:26: 1

2010-11-12 10:21:45: 489

2010-11-12 10:22:00: 1

2010-11-12 10:22:36: 1

2010-11-12 10:23:58: 1

2010-11-12 10:25:11: 1

2010-11-12 10:25:26: 1

2010-11-12 10:30:09: 2

2010-11-12 10:30:54: 1

2010-11-12 10:46:02: 1

2010-11-12 10:49:15: 1

2010-11-12 10:49:34: 1

2010-11-12 11:00:36: 1

2010-11-12 11:01:45: 1

2010-11-12 11:05:43: 1

2010-11-12 11:06:03: 1

2010-11-12 11:06:06: 1

2010-11-12 11:08:35: 0

2010-11-12 11:08:48: 1

2010-11-12 11:08:55: 1

2010-11-12 11:10:44: 1

2010-11-12 11:11:34: 1

2010-11-12 11:11:49: 1

2010-11-12 11:12:44: 1

2010-11-12 11:13:57 - /home/storage/9/b8/93/agente2/rsvps_honda/lib/inscricao.php in function #0 /home/storage/9/b8/93/agente2/rsvps_honda/lib/inscricao.php(296): PDOStatement->execute()
#1 /home/storage/9/b8/93/agente2/rsvps_honda/lib/view.php(268): inscricao_admin_lista_todas('1018361', '232'', 1)
#2 /home/storage/9/b8/93/agente2/rsvps_honda/lib/wc.php(56): wc_view_admin(Array, 'php')
#3 /home/storage/9/b8/93/agente2/rsvps_honda/public/index.php(63): wc_route_dispatch()
#4 /home/storage/9/b8/93/agente2/rsvps_honda/public/index.php(67): main()
#5 {main}() at line 296: SQLSTATE[42000]: Syntax error or access violation: 1064 You have an error in your SQL syntax; check the manual that corresponds to your MySQL server version for the right syntax to use near ''232'' GROUP BY int_inscricoes_id_pk ORDER BY dta_inscricoes_criado_em, str_assi' at line 1

2010-11-12 11:14:03 - /home/storage/9/b8/93/agente2/rsvps_honda/lib/inscricao.php in function #0 /home/storage/9/b8/93/agente2/rsvps_honda/lib/inscricao.php(296): PDOStatement->execute()
#1 /home/storage/9/b8/93/agente2/rsvps_honda/lib/view.php(268): inscricao_admin_lista_todas('1018361', '232'', 1)
#2 /home/storage/9/b8/93/agente2/rsvps_honda/lib/wc.php(56): wc_view_admin(Array, 'php')
#3 /home/storage/9/b8/93/agente2/rsvps_honda/public/index.php(63): wc_route_dispatch()
#4 /home/storage/9/b8/93/agente2/rsvps_honda/public/index.php(67): main()
#5 {main}() at line 296: SQLSTATE[42000]: Syntax error or access violation: 1064 You have an error in your SQL syntax; check the manual that corresponds to your MySQL server version for the right syntax to use near ''232'' GROUP BY int_inscricoes_id_pk ORDER BY dta_inscricoes_criado_em, str_assi' at line 1

2010-11-12 11:14:09: 489

2010-11-12 11:14:19: 1

2010-11-12 11:15:08: 1

2010-11-12 11:15:50: 0

2010-11-12 11:16:05: 1

2010-11-12 11:21:43: 1

2010-11-12 11:21:49: 1

2010-11-12 11:22:48: 1

2010-11-12 11:22:52: 489

2010-11-12 11:23:00: 1

2010-11-12 11:23:10: 1

2010-11-12 11:23:52: 1

2010-11-12 11:35:06: 489

2010-11-12 11:37:15: 1

2010-11-12 11:37:18: 1

2010-11-12 11:42:26: 489

2010-11-12 11:53:21: 1

2010-11-12 11:54:03: 1

2010-11-12 11:54:36: 1

2010-11-12 11:54:48: 0

2010-11-12 11:54:51: 0

2010-11-12 11:55:01: 1

2010-11-12 11:58:31: 489

2010-11-12 13:27:10: 1

2010-11-12 13:27:17: 1

2010-11-12 13:27:20: 1

2010-11-12 13:27:29: 1

2010-11-12 13:27:41: 1

2010-11-12 13:28:06: 1

2010-11-12 13:28:10: 1

2010-11-12 13:28:37: 1

2010-11-12 13:28:39: 1

2010-11-12 13:28:46: 1

2010-11-12 13:36:20: 1

2010-11-12 14:08:35: 0

2010-11-12 14:08:51: 1

2010-11-12 14:08:57: 1

2010-11-12 14:09:03: 1

2010-11-12 14:09:07: 1

2010-11-12 16:06:57: 1

2010-11-12 16:07:11: 1

2010-11-12 16:17:26: 1

2010-11-12 16:26:35: 495

2010-11-12 16:27:37: 1

2010-11-12 16:27:49: 495

2010-11-12 16:35:40: 1

2010-11-12 17:33:14: 1

2010-11-12 17:33:15: 1

2010-11-12 17:38:12: 1

2010-11-12 17:39:55: 1

2010-11-12 17:40:23: 1

2010-11-12 17:40:40: 1

2010-11-12 17:41:04: 1

2010-11-12 17:41:12: 1

2010-11-12 17:41:51: 1

2010-11-12 17:42:11: 1

2010-11-12 17:42:27: 1

2010-11-12 18:02:23: 507

2010-11-12 19:43:00: 507

2010-11-12 19:43:12: 507

2010-11-16 08:56:11: 511

2010-11-16 08:56:21: 1

2010-11-16 08:57:18: 1

2010-11-16 08:57:28: 1

2010-11-16 08:57:41: 1

2010-11-16 08:57:46: 1

2010-11-16 08:58:04: 1

2010-11-16 08:58:08: 1

2010-11-16 08:58:25: 1

2010-11-16 08:58:28: 1

2010-11-16 08:58:42: 1

2010-11-16 08:58:48: 1

2010-11-16 08:59:46: 1

2010-11-16 08:59:52: 1

2010-11-16 08:59:58: 1

2010-11-16 09:00:04: 1

2010-11-16 09:12:01: 1

2010-11-16 09:12:12: 511

2010-11-16 09:12:33: 511

2010-11-16 09:36:54: 511

2010-11-16 09:39:47: 511

2010-11-16 09:47:42: 1

2010-11-16 09:47:53: 1

2010-11-16 09:47:54: 512

2010-11-16 09:50:21: 0

2010-11-16 09:50:34: 0

2010-11-16 09:51:45: 0

2010-11-16 10:00:31: 512

2010-11-16 10:00:52: 1

2010-11-16 10:01:06: 1

2010-11-16 10:01:16: 1

2010-11-16 10:01:18: 1

2010-11-16 10:01:42: 1

2010-11-16 10:01:43: 1

2010-11-16 10:17:12: 1

2010-11-16 10:17:17: 1

2010-11-16 10:34:32: 512

2010-11-16 10:43:22: 512

2010-11-16 11:17:46 - /home/storage/9/b8/93/agente2/rsvps_honda/lib/wc.php in function wc_route_dispatch() at line 67: requested (admin88) function wc_view_admin88() not found.

2010-11-16 11:17:50: 512

2010-11-16 11:30:43: 513

2010-11-16 11:30:46: 1

2010-11-16 11:43:28: 1

2010-11-16 11:43:55: 1

2010-11-16 11:44:05: 1

2010-11-16 11:44:35: 1

2010-11-16 11:49:36: 1

2010-11-16 11:57:31: 1

2010-11-16 14:42:22: 514

2010-11-16 14:42:48: 1

2010-11-16 14:42:54: 1

2010-11-16 15:16:20: 514

2010-11-16 15:19:27: 514

2010-11-16 15:40:38: 0

2010-11-16 15:51:06: 514

2010-11-16 16:41:50: 0

2010-11-16 16:42:36: 0

2010-11-16 16:42:38: 0

2010-11-16 16:43:34: 1

2010-11-16 16:43:46: 1

2010-11-16 16:56:47: 1

2010-11-16 16:57:16: 1

2010-11-16 16:57:32: 1

2010-11-16 16:57:43: 1

2010-11-16 16:57:55: 1

2010-11-16 16:58:06: 1

2010-11-16 16:58:25: 1

2010-11-16 17:30:04: 1

2010-11-16 17:31:59: 1

2010-11-16 17:57:37: 516

2010-11-16 17:58:08: 516

2010-11-16 17:58:16: 516

2010-11-17 09:16:28: 518

2010-11-17 09:23:56: 518

2010-11-17 09:24:24: 518

2010-11-17 09:27:03: 518

2010-11-17 09:54:08: 1

2010-11-17 10:55:28: 521

2010-11-17 11:48:04: 1

2010-11-17 11:49:29: 1

2010-11-17 11:51:17: 1

2010-11-17 11:55:38: 1

2010-11-17 12:23:35: 1

2010-11-17 12:24:42: 1

2010-11-17 12:58:12: 528

2010-11-17 14:13:22: 1

2010-11-17 14:14:06: 1

2010-11-17 16:31:36: 1

2010-11-17 16:32:02: 536

2010-11-17 16:32:21: 1

2010-11-17 16:32:31: 1

2010-11-17 16:32:45: 1

2010-11-17 16:33:17: 1

2010-11-17 16:33:18: 536

2010-11-17 17:13:09: 1

2010-11-17 17:13:48: 1

2010-11-17 17:14:18: 1

2010-11-18 08:03:48: 537

2010-11-18 09:18:16: 537

2010-11-18 09:21:21: 537

2010-11-18 09:46:13: 537

2010-11-18 09:58:08: 537

2010-11-18 10:30:57: 1

2010-11-18 11:08:20: 539

2010-11-18 11:08:21: 539

2010-11-18 11:15:36: 1

2010-11-18 11:15:56: 1

2010-11-18 11:16:01: 1

2010-11-18 11:19:23: 1

2010-11-18 11:19:25: 1

2010-11-18 11:19:33: 1

2010-11-18 11:24:10: 1

2010-11-18 11:24:29: 1

2010-11-18 11:41:16: 1

2010-11-18 11:45:16: 540

2010-11-18 12:48:18: 541

2010-11-18 16:44:53: 541

2010-11-18 16:51:24: 1

2010-11-18 16:52:29: 1

2010-11-18 16:52:36: 1

2010-11-18 17:09:11: 1

2010-11-19 09:21:03: 542

2010-11-19 09:22:56: 542

2010-11-19 12:43:14: 1

2010-11-19 12:45:50: 544

2010-11-19 12:45:56: 1

2010-11-19 12:46:16: 544

2010-11-19 14:41:06: 546

2010-11-19 15:20:30: 546

2010-11-19 15:22:48: 1

2010-11-19 16:53:42: 558

2010-11-19 16:55:25: 558

2010-11-19 17:00:29: 1

2010-11-19 17:00:38: 1

2010-11-19 17:00:44: 1

2010-11-19 17:01:32: 1

2010-11-19 17:01:44: 1

2010-11-19 17:03:30: 0

2010-11-19 17:09:19: 1

2010-11-19 17:20:41: 565

2010-11-22 08:02:42: 572

2010-11-22 09:25:19: 572

2010-11-22 09:35:24: 572

2010-11-22 09:35:33: 1

2010-11-22 09:35:51: 1

2010-11-22 09:36:08: 0

2010-11-22 09:36:12: 1

2010-11-22 09:36:14: 1

2010-11-22 09:36:21: 1

2010-11-22 09:36:58: 1

2010-11-22 09:47:33: 1

2010-11-22 09:47:41: 1

2010-11-22 09:48:58: 1

2010-11-22 09:53:31: 1

2010-11-22 09:54:00: 1

2010-11-22 09:54:09: 1

2010-11-22 09:54:32: 1

2010-11-22 10:54:23: 578

2010-11-22 10:57:41: 578

2010-11-22 11:37:34: 578

2010-11-22 11:37:51: 3

2010-11-22 11:39:10: 3

2010-11-22 11:48:53: 1

2010-11-22 11:49:17: 1

2010-11-22 12:20:46: 1

2010-11-22 12:21:10: 1

2010-11-22 12:21:17: 1

2010-11-22 12:21:23: 1

2010-11-22 12:36:47: 1

2010-11-22 13:52:26: 579

2010-11-22 15:13:35: 0

2010-11-22 15:13:41: 1

2010-11-22 15:14:18: 1

2010-11-22 15:14:49: 1

2010-11-22 15:15:04: 1

2010-11-22 15:15:24: 1

2010-11-22 15:16:41: 1

2010-11-22 15:36:53: 1

2010-11-22 15:52:16: 1

2010-11-22 15:52:31: 1

2010-11-22 17:10:13: 590

2010-11-22 17:10:18: 0

2010-11-22 17:10:33: 1

2010-11-22 17:46:29: 1

2010-11-22 17:52:38: 0

2010-11-22 17:55:27: 597

2010-11-23 09:11:29: 597

2010-11-23 09:12:06: 1

2010-11-23 09:12:49: 1

2010-11-23 09:12:57: 0

2010-11-23 09:14:00: 1

2010-11-23 09:15:26: 1

2010-11-23 09:23:02: 597

2010-11-23 09:23:09: 1

2010-11-23 09:26:09: 1

2010-11-23 09:26:21: 0

2010-11-23 09:30:06: 1

2010-11-23 09:30:50: 1

2010-11-23 09:41:24: 598

2010-11-23 09:45:17: 1

2010-11-23 09:45:29: 1

2010-11-23 09:45:38: 1

2010-11-23 09:48:14: 0

2010-11-23 09:48:26: 0

2010-11-23 09:49:08: 1

2010-11-23 09:51:05: 1

2010-11-23 09:51:11: 1

2010-11-23 09:51:18: 1

2010-11-23 09:51:26: 1

2010-11-23 09:51:58: 1

2010-11-23 10:01:45: 599

2010-11-23 10:12:49: 1

2010-11-23 10:39:59: 1

2010-11-23 10:40:50: 1

2010-11-23 10:40:54: 1

2010-11-23 10:41:55: 1

2010-11-23 10:45:09: 1

2010-11-23 10:46:24: 600

2010-11-23 10:51:44: 1

2010-11-23 11:04:07: 602

2010-11-23 11:27:55: 1

2010-11-23 11:28:45: 1

2010-11-23 11:28:56: 1

2010-11-23 11:29:36: 1

2010-11-23 11:29:50: 1

2010-11-23 11:30:35: 1

2010-11-23 11:30:48: 1

2010-11-23 11:31:22: 1

2010-11-23 11:31:30: 1

2010-11-23 11:31:52: 1

2010-11-23 11:57:48: 1

2010-11-23 12:00:28: 1

2010-11-23 12:05:22: 606

2010-11-23 12:24:57: 606

2010-11-23 12:38:45: 606

2010-11-23 12:40:13: 1

2010-11-23 12:42:10: 606

2010-11-23 15:23:45: 610

2010-11-23 17:38:29: 620

2010-11-23 17:38:38: 1

2010-11-23 17:54:29: 622

2010-11-23 17:55:04: 622

2010-11-23 17:55:11: 622

2010-11-23 17:55:21: 622

2010-11-23 17:55:25: 622

2010-11-23 17:55:43: 622

2010-11-23 17:55:50: 622

2010-11-23 17:55:54: 622

2010-11-23 17:55:59: 622

2010-11-23 17:56:03: 622

2010-11-23 17:56:08: 622

2010-11-23 17:56:14: 622

2010-11-23 17:56:31: 622

2010-11-23 17:56:37: 622

2010-11-23 17:56:44: 622

2010-11-23 18:46:37: 622

2010-11-23 19:23:31: 622

2010-11-24 09:04:19: 622

2010-11-24 09:21:53: 623

2010-11-24 09:27:50: 623

2010-11-24 10:09:47: 623

2010-11-24 11:59:07: 624

2010-11-24 13:53:09: 1

2010-11-24 13:53:27: 1

2010-11-24 13:53:44: 1

2010-11-24 13:53:55: 1

2010-11-24 14:30:27: 625

2010-11-24 15:11:37: 625

2010-11-24 15:32:45: 1

2010-11-24 16:06:20: 626

2010-11-24 16:15:56: 627

2010-11-24 16:16:00: 627

2010-11-24 16:22:13: 627

2010-11-24 16:23:28: 627

2010-11-24 16:50:37: 627

2010-11-24 17:05:09: 628

2010-11-24 17:53:52: 630

2010-11-24 17:54:02: 630

2010-11-24 17:54:08: 630

2010-11-24 17:54:23: 630

2010-11-25 09:17:51: 630

2010-11-25 09:22:17 - /home/storage/9/b8/93/agente2/rsvps_honda/lib/wc.php in function wc_route_dispatch() at line 67: requested (adm) function wc_view_adm() not found.

2010-11-25 09:25:14 - /home/storage/9/b8/93/agente2/rsvps_honda/lib/wc.php in function wc_route_dispatch() at line 67: requested (adm) function wc_view_adm() not found.

2010-11-25 09:25:37 - /home/storage/9/b8/93/agente2/rsvps_honda/lib/wc.php in function wc_route_dispatch() at line 67: requested (adm) function wc_view_adm() not found.

2010-11-25 09:34:04: 630

2010-11-25 10:33:59: 630

2010-11-25 10:35:56: 630

2010-11-25 10:50:53: 630

2010-11-25 11:27:18: 630

2010-11-25 14:17:17: 1

2010-11-25 14:24:45: 1

2010-11-25 14:59:33: 632

2010-11-25 16:54:46 - /home/storage/9/b8/93/agente2/rsvps_honda/lib/wc.php in function wc_route_dispatch() at line 67: requested (adimin) function wc_view_adimin() not found.

2010-11-25 16:54:49 - /home/storage/9/b8/93/agente2/rsvps_honda/lib/wc.php in function wc_route_dispatch() at line 67: requested (adimin) function wc_view_adimin() not found.

2010-11-25 16:58:40: 636

2010-11-25 17:52:56: 636

2010-11-25 18:10:20: 636

2010-11-26 09:23:31: 636

2010-11-26 09:53:38: 636

2010-11-26 15:56:23: 1

2010-11-26 16:35:12: 1

2010-11-26 16:37:04: 1

2010-11-26 16:38:27: 1

2010-11-26 17:34:03: 1

2011-02-16 15:38:33: 637

2011-02-21 11:22:27: 637

2011-02-21 11:22:36: 637

2011-02-21 11:22:49: 637

2011-02-21 11:22:51: 637

2011-02-21 11:23:29: 637

2011-02-21 11:23:30: 637

2011-02-21 11:24:57 - /home/storage/9/b8/93/agente2/rsvps_honda/lib/wc.php in function wc_route_dispatch() at line 67: requested (admi) function wc_view_admi() not found.

2011-02-21 11:25:01: 637

2011-02-21 11:26:35: 637

2011-02-21 22:35:13 - /home/storage/9/b8/93/agente2/rsvps_honda2/lib/wc.php at line 46: (Level 8): Undefined index:  a

2011-02-21 22:40:03 - /home/storage/9/b8/93/agente2/rsvps_honda2/lib/wc.php at line 46: (Level 8): Undefined index:  a

2011-02-21 23:45:38 - /home/storage/9/b8/93/agente2/rsvps_honda2/lib/inscricao.php in function #0 /home/storage/9/b8/93/agente2/rsvps_honda2/lib/inscricao.php(296): PDOStatement->execute()
#1 /home/storage/9/b8/93/agente2/rsvps_honda2/lib/view.php(268): inscricao_admin_lista_todas()
#2 /home/storage/9/b8/93/agente2/rsvps_honda2/lib/wc.php(56): wc_view_admin(NULL, NULL, 1)
#3 /home/storage/9/b8/93/agente2/public_html/rsvps_honda2/index.php(63): wc_route_dispatch()
#4 /home/storage/9/b8/93/agente2/public_html/rsvps_honda2/index.php(67): main()
#5 {main}() at line 296: SQLSTATE[42S02]: Base table or view not found: 1051 Unknown table 'tab_inscricoes'

2011-02-21 23:45:51 - /home/storage/9/b8/93/agente2/rsvps_honda2/lib/wc.php in function wc_route_dispatch() at line 67: requested (amdin) function wc_view_amdin() not found.

2011-02-21 23:45:53 - /home/storage/9/b8/93/agente2/rsvps_honda2/lib/inscricao.php in function #0 /home/storage/9/b8/93/agente2/rsvps_honda2/lib/inscricao.php(296): PDOStatement->execute()
#1 /home/storage/9/b8/93/agente2/rsvps_honda2/lib/view.php(268): inscricao_admin_lista_todas()
#2 /home/storage/9/b8/93/agente2/rsvps_honda2/lib/wc.php(56): wc_view_admin(NULL, NULL, 1)
#3 /home/storage/9/b8/93/agente2/public_html/rsvps_honda2/index.php(63): wc_route_dispatch()
#4 /home/storage/9/b8/93/agente2/public_html/rsvps_honda2/index.php(67): main()
#5 {main}() at line 296: SQLSTATE[42S02]: Base table or view not found: 1051 Unknown table 'tab_inscricoes'

2011-02-21 23:47:24 - /home/storage/9/b8/93/agente2/rsvps_honda2/lib/wc.php in function wc_route_dispatch() at line 67: requested (importacao) function wc_view_importacao() not found.

2011-02-21 23:55:37 - /home/storage/9/b8/93/agente2/rsvps_honda2/lib/wc.php in function wc_route_dispatch() at line 67: requested (importacao) function wc_view_importacao() not found.

2011-02-21 23:55:49 - /home/storage/9/b8/93/agente2/rsvps_honda2/lib/inscricao.php in function #0 /home/storage/9/b8/93/agente2/rsvps_honda2/lib/inscricao.php(296): PDOStatement->execute()
#1 /home/storage/9/b8/93/agente2/rsvps_honda2/lib/view.php(268): inscricao_admin_lista_todas()
#2 /home/storage/9/b8/93/agente2/rsvps_honda2/lib/wc.php(56): wc_view_admin(NULL, NULL, 1)
#3 /home/storage/9/b8/93/agente2/public_html/rsvps_honda2/index.php(63): wc_route_dispatch()
#4 /home/storage/9/b8/93/agente2/public_html/rsvps_honda2/index.php(67): main()
#5 {main}() at line 296: SQLSTATE[42S02]: Base table or view not found: 1051 Unknown table 'tab_inscricoes'

2011-02-21 23:57:08 - /home/storage/9/b8/93/agente2/rsvps_honda2/lib/inscricao.php in function #0 /home/storage/9/b8/93/agente2/rsvps_honda2/lib/inscricao.php(296): PDOStatement->execute()
#1 /home/storage/9/b8/93/agente2/rsvps_honda2/lib/view.php(268): inscricao_admin_lista_todas()
#2 /home/storage/9/b8/93/agente2/rsvps_honda2/lib/wc.php(56): wc_view_admin(NULL, NULL, 1)
#3 /home/storage/9/b8/93/agente2/public_html/rsvps_honda2/index.php(63): wc_route_dispatch()
#4 /home/storage/9/b8/93/agente2/public_html/rsvps_honda2/index.php(67): main()
#5 {main}() at line 296: SQLSTATE[42S02]: Base table or view not found: 1051 Unknown table 'tab_inscricoes'

2011-02-21 23:59:22 - /home/storage/9/b8/93/agente2/rsvps_honda2/lib/wc.php at line 46: (Level 8): Undefined index:  a

2011-02-21 23:59:26 - /home/storage/9/b8/93/agente2/rsvps_honda2/lib/wc.php at line 46: (Level 8): Undefined index:  a

2011-02-21 23:59:29 - /home/storage/9/b8/93/agente2/rsvps_honda2/lib/wc.php at line 46: (Level 8): Undefined index:  a

2011-02-22 00:06:14 - /home/storage/9/b8/93/agente2/rsvps_honda2/lib/wc.php in function wc_route_dispatch() at line 67: requested (importacao) function wc_view_importacao() not found.

2011-02-22 00:08:27 - /home/storage/9/b8/93/agente2/rsvps_honda2/lib/inscricao.php in function #0 /home/storage/9/b8/93/agente2/rsvps_honda2/lib/inscricao.php(296): PDOStatement->execute()
#1 /home/storage/9/b8/93/agente2/rsvps_honda2/lib/view.php(268): inscricao_admin_lista_todas()
#2 /home/storage/9/b8/93/agente2/rsvps_honda2/lib/wc.php(56): wc_view_admin(NULL, NULL, 1)
#3 /home/storage/9/b8/93/agente2/public_html/rsvps_honda2/index.php(63): wc_route_dispatch()
#4 /home/storage/9/b8/93/agente2/public_html/rsvps_honda2/index.php(67): main()
#5 {main}() at line 296: SQLSTATE[42S02]: Base table or view not found: 1051 Unknown table 'tab_inscricoes'

2011-02-22 00:09:12 - /home/storage/9/b8/93/agente2/rsvps_honda2/lib/inscricao.php in function #0 /home/storage/9/b8/93/agente2/rsvps_honda2/lib/inscricao.php(296): PDOStatement->execute()
#1 /home/storage/9/b8/93/agente2/rsvps_honda2/lib/view.php(268): inscricao_admin_lista_todas()
#2 /home/storage/9/b8/93/agente2/rsvps_honda2/lib/wc.php(56): wc_view_admin(NULL, NULL, 1)
#3 /home/storage/9/b8/93/agente2/rsvps_honda/public/index.php(63): wc_route_dispatch()
#4 /home/storage/9/b8/93/agente2/rsvps_honda/public/index.php(67): main()
#5 {main}() at line 296: SQLSTATE[42S02]: Base table or view not found: 1051 Unknown table 'tab_inscricoes'

2011-02-22 00:09:15 - /home/storage/9/b8/93/agente2/rsvps_honda2/lib/inscricao.php in function #0 /home/storage/9/b8/93/agente2/rsvps_honda2/lib/inscricao.php(296): PDOStatement->execute()
#1 /home/storage/9/b8/93/agente2/rsvps_honda2/lib/view.php(268): inscricao_admin_lista_todas()
#2 /home/storage/9/b8/93/agente2/rsvps_honda2/lib/wc.php(56): wc_view_admin(NULL, NULL, 1)
#3 /home/storage/9/b8/93/agente2/rsvps_honda/public/index.php(63): wc_route_dispatch()
#4 /home/storage/9/b8/93/agente2/rsvps_honda/public/index.php(67): main()
#5 {main}() at line 296: SQLSTATE[42S02]: Base table or view not found: 1051 Unknown table 'tab_inscricoes'

2011-02-22 00:11:00 - /home/storage/9/b8/93/agente2/rsvps_honda2/lib/inscricao.php in function #0 /home/storage/9/b8/93/agente2/rsvps_honda2/lib/inscricao.php(296): PDOStatement->execute()
#1 /home/storage/9/b8/93/agente2/rsvps_honda2/lib/view.php(268): inscricao_admin_lista_todas()
#2 /home/storage/9/b8/93/agente2/rsvps_honda2/lib/wc.php(56): wc_view_admin(NULL, NULL, 1)
#3 /home/storage/9/b8/93/agente2/public_html/rsvps_honda2/index.php(63): wc_route_dispatch()
#4 /home/storage/9/b8/93/agente2/public_html/rsvps_honda2/index.php(67): main()
#5 {main}() at line 296: SQLSTATE[42S02]: Base table or view not found: 1051 Unknown table 'tab_inscricoes'

2011-02-22 00:30:03 - /home/storage/9/b8/93/agente2/rsvps_honda2/lib/inscricao.php in function #0 /home/storage/9/b8/93/agente2/rsvps_honda2/lib/inscricao.php(118): PDOStatement->execute()
#1 /home/storage/9/b8/93/agente2/rsvps_honda2/lib/view.php(84): inscricao_concessionarias()
#2 /home/storage/9/b8/93/agente2/rsvps_honda2/lib/wc.php(56): wc_view_inscricao('543')
#3 /home/storage/9/b8/93/agente2/public_html/rsvps_honda2/index.php(63): wc_route_dispatch()
#4 /home/storage/9/b8/93/agente2/public_html/rsvps_honda2/index.php(67): main()
#5 {main}() at line 118: SQLSTATE[42S02]: Base table or view not found: 1051 Unknown table 'tab_assistencias'

2011-02-22 00:33:14 - /home/storage/9/b8/93/agente2/rsvps_honda2/lib/inscricao.php in function #0 /home/storage/9/b8/93/agente2/rsvps_honda2/lib/inscricao.php(118): PDOStatement->execute()
#1 /home/storage/9/b8/93/agente2/rsvps_honda2/lib/view.php(166): inscricao_concessionarias()
#2 /home/storage/9/b8/93/agente2/rsvps_honda2/lib/wc.php(56): wc_view_ver_inscricao('543')
#3 /home/storage/9/b8/93/agente2/public_html/rsvps_honda2/index.php(63): wc_route_dispatch()
#4 /home/storage/9/b8/93/agente2/public_html/rsvps_honda2/index.php(67): main()
#5 {main}() at line 118: SQLSTATE[42S02]: Base table or view not found: 1051 Unknown table 'tab_assistencias'

2011-02-22 00:33:15 - /home/storage/9/b8/93/agente2/rsvps_honda2/lib/inscricao.php in function #0 /home/storage/9/b8/93/agente2/rsvps_honda2/lib/inscricao.php(118): PDOStatement->execute()
#1 /home/storage/9/b8/93/agente2/rsvps_honda2/lib/view.php(84): inscricao_concessionarias()
#2 /home/storage/9/b8/93/agente2/rsvps_honda2/lib/wc.php(56): wc_view_inscricao('543')
#3 /home/storage/9/b8/93/agente2/public_html/rsvps_honda2/index.php(63): wc_route_dispatch()
#4 /home/storage/9/b8/93/agente2/public_html/rsvps_honda2/index.php(67): main()
#5 {main}() at line 118: SQLSTATE[42S02]: Base table or view not found: 1051 Unknown table 'tab_assistencias'

2011-02-22 00:33:17 - /home/storage/9/b8/93/agente2/rsvps_honda2/lib/inscricao.php in function #0 /home/storage/9/b8/93/agente2/rsvps_honda2/lib/inscricao.php(118): PDOStatement->execute()
#1 /home/storage/9/b8/93/agente2/rsvps_honda2/lib/view.php(84): inscricao_concessionarias()
#2 /home/storage/9/b8/93/agente2/rsvps_honda2/lib/wc.php(56): wc_view_inscricao('543')
#3 /home/storage/9/b8/93/agente2/public_html/rsvps_honda2/index.php(63): wc_route_dispatch()
#4 /home/storage/9/b8/93/agente2/public_html/rsvps_honda2/index.php(67): main()
#5 {main}() at line 118: SQLSTATE[42S02]: Base table or view not found: 1051 Unknown table 'tab_assistencias'

2011-02-22 10:09:28 - /home/storage/9/b8/93/agente2/rsvps_honda2/lib/inscricao.php in function #0 /home/storage/9/b8/93/agente2/rsvps_honda2/lib/inscricao.php(118): PDOStatement->execute()
#1 /home/storage/9/b8/93/agente2/rsvps_honda2/lib/view.php(84): inscricao_concessionarias()
#2 /home/storage/9/b8/93/agente2/rsvps_honda2/lib/wc.php(56): wc_view_inscricao('544')
#3 /home/storage/9/b8/93/agente2/public_html/rsvps_honda2/index.php(63): wc_route_dispatch()
#4 /home/storage/9/b8/93/agente2/public_html/rsvps_honda2/index.php(67): main()
#5 {main}() at line 118: SQLSTATE[42S02]: Base table or view not found: 1051 Unknown table 'tab_assistencias'

2011-02-22 10:09:47 - /home/storage/9/b8/93/agente2/rsvps_honda2/lib/inscricao.php in function #0 /home/storage/9/b8/93/agente2/rsvps_honda2/lib/inscricao.php(118): PDOStatement->execute()
#1 /home/storage/9/b8/93/agente2/rsvps_honda2/lib/view.php(84): inscricao_concessionarias()
#2 /home/storage/9/b8/93/agente2/rsvps_honda2/lib/wc.php(56): wc_view_inscricao('544')
#3 /home/storage/9/b8/93/agente2/public_html/rsvps_honda2/index.php(63): wc_route_dispatch()
#4 /home/storage/9/b8/93/agente2/public_html/rsvps_honda2/index.php(67): main()
#5 {main}() at line 118: SQLSTATE[42S02]: Base table or view not found: 1051 Unknown table 'tab_assistencias'

2011-02-22 10:44:13 - /home/storage/9/b8/93/agente2/rsvps_honda2/lib/inscricao.php in function #0 /home/storage/9/b8/93/agente2/rsvps_honda2/lib/inscricao.php(118): PDOStatement->execute()
#1 /home/storage/9/b8/93/agente2/rsvps_honda2/lib/view.php(84): inscricao_concessionarias()
#2 /home/storage/9/b8/93/agente2/rsvps_honda2/lib/wc.php(56): wc_view_inscricao('544')
#3 /home/storage/9/b8/93/agente2/public_html/rsvps_honda2/index.php(63): wc_route_dispatch()
#4 /home/storage/9/b8/93/agente2/public_html/rsvps_honda2/index.php(67): main()
#5 {main}() at line 118: SQLSTATE[42S02]: Base table or view not found: 1051 Unknown table 'tab_assistencias'

2011-02-22 10:44:41 - /home/storage/9/b8/93/agente2/rsvps_honda2/lib/inscricao.php in function #0 /home/storage/9/b8/93/agente2/rsvps_honda2/lib/inscricao.php(118): PDOStatement->execute()
#1 /home/storage/9/b8/93/agente2/rsvps_honda2/lib/view.php(84): inscricao_concessionarias()
#2 /home/storage/9/b8/93/agente2/rsvps_honda2/lib/wc.php(56): wc_view_inscricao('544')
#3 /home/storage/9/b8/93/agente2/public_html/rsvps_honda2/index.php(63): wc_route_dispatch()
#4 /home/storage/9/b8/93/agente2/public_html/rsvps_honda2/index.php(67): main()
#5 {main}() at line 118: SQLSTATE[42S02]: Base table or view not found: 1051 Unknown table 'tab_assistencias'

2011-02-22 11:45:11 - /home/storage/9/b8/93/agente2/eventohdamarco/lib/inscricao.php in function #0 /home/storage/9/b8/93/agente2/eventohdamarco/lib/inscricao.php(118): PDOStatement->execute()
#1 /home/storage/9/b8/93/agente2/eventohdamarco/lib/view.php(84): inscricao_concessionarias('545')
#2 /home/storage/9/b8/93/agente2/eventohdamarco/lib/wc.php(56): wc_view_inscricao(Array, 'php')
#3 /home/storage/9/b8/93/agente2/eventohdamarco/public/index.php(63): wc_route_dispatch()
#4 /home/storage/9/b8/93/agente2/eventohdamarco/public/index.php(67): main()
#5 {main}() at line 118: SQLSTATE[42S02]: Base table or view not found: 1051 Unknown table 'tab_assistencias'

2011-02-22 11:48:48 - /home/storage/9/b8/93/agente2/eventohdamarco/lib/inscricao.php in function #0 /home/storage/9/b8/93/agente2/eventohdamarco/lib/inscricao.php(118): PDOStatement->execute()
#1 /home/storage/9/b8/93/agente2/eventohdamarco/lib/view.php(84): inscricao_concessionarias('544')
#2 /home/storage/9/b8/93/agente2/eventohdamarco/lib/wc.php(56): wc_view_inscricao(Array, 'php')
#3 /home/storage/9/b8/93/agente2/eventohdamarco/public/index.php(63): wc_route_dispatch()
#4 /home/storage/9/b8/93/agente2/eventohdamarco/public/index.php(67): main()
#5 {main}() at line 118: SQLSTATE[42S02]: Base table or view not found: 1051 Unknown table 'tab_assistencias'

2011-02-22 11:49:06 - /home/storage/9/b8/93/agente2/eventohdamarco/lib/inscricao.php in function #0 /home/storage/9/b8/93/agente2/eventohdamarco/lib/inscricao.php(118): PDOStatement->execute()
#1 /home/storage/9/b8/93/agente2/eventohdamarco/lib/view.php(84): inscricao_concessionarias('544')
#2 /home/storage/9/b8/93/agente2/eventohdamarco/lib/wc.php(56): wc_view_inscricao(Array, 'php')
#3 /home/storage/9/b8/93/agente2/eventohdamarco/public/index.php(63): wc_route_dispatch()
#4 /home/storage/9/b8/93/agente2/eventohdamarco/public/index.php(67): main()
#5 {main}() at line 118: SQLSTATE[42S02]: Base table or view not found: 1051 Unknown table 'tab_assistencias'

2011-02-22 11:49:33 - /home/storage/9/b8/93/agente2/eventohdamarco/lib/inscricao.php in function #0 /home/storage/9/b8/93/agente2/eventohdamarco/lib/inscricao.php(118): PDOStatement->execute()
#1 /home/storage/9/b8/93/agente2/eventohdamarco/lib/view.php(84): inscricao_concessionarias('545')
#2 /home/storage/9/b8/93/agente2/eventohdamarco/lib/wc.php(56): wc_view_inscricao(Array, 'php')
#3 /home/storage/9/b8/93/agente2/eventohdamarco/public/index.php(63): wc_route_dispatch()
#4 /home/storage/9/b8/93/agente2/eventohdamarco/public/index.php(67): main()
#5 {main}() at line 118: SQLSTATE[42S02]: Base table or view not found: 1051 Unknown table 'tab_assistencias'

2011-02-22 11:49:33 - /home/storage/9/b8/93/agente2/eventohdamarco/lib/inscricao.php in function #0 /home/storage/9/b8/93/agente2/eventohdamarco/lib/inscricao.php(118): PDOStatement->execute()
#1 /home/storage/9/b8/93/agente2/eventohdamarco/lib/view.php(84): inscricao_concessionarias('545')
#2 /home/storage/9/b8/93/agente2/eventohdamarco/lib/wc.php(56): wc_view_inscricao(Array, 'php')
#3 /home/storage/9/b8/93/agente2/eventohdamarco/public/index.php(63): wc_route_dispatch()
#4 /home/storage/9/b8/93/agente2/eventohdamarco/public/index.php(67): main()
#5 {main}() at line 118: SQLSTATE[42S02]: Base table or view not found: 1051 Unknown table 'tab_assistencias'

2011-02-22 11:49:41 - /home/storage/9/b8/93/agente2/eventohdamarco/lib/inscricao.php in function #0 /home/storage/9/b8/93/agente2/eventohdamarco/lib/inscricao.php(118): PDOStatement->execute()
#1 /home/storage/9/b8/93/agente2/eventohdamarco/lib/view.php(84): inscricao_concessionarias('544')
#2 /home/storage/9/b8/93/agente2/eventohdamarco/lib/wc.php(56): wc_view_inscricao(Array, 'php')
#3 /home/storage/9/b8/93/agente2/eventohdamarco/public/index.php(63): wc_route_dispatch()
#4 /home/storage/9/b8/93/agente2/eventohdamarco/public/index.php(67): main()
#5 {main}() at line 118: SQLSTATE[42S02]: Base table or view not found: 1051 Unknown table 'tab_assistencias'

2011-02-22 11:52:22 - /home/storage/9/b8/93/agente2/eventohdamarco/lib/inscricao.php in function #0 /home/storage/9/b8/93/agente2/eventohdamarco/lib/inscricao.php(118): PDOStatement->execute()
#1 /home/storage/9/b8/93/agente2/eventohdamarco/lib/view.php(84): inscricao_concessionarias('545')
#2 /home/storage/9/b8/93/agente2/eventohdamarco/lib/wc.php(56): wc_view_inscricao(Array, 'php')
#3 /home/storage/9/b8/93/agente2/eventohdamarco/public/index.php(63): wc_route_dispatch()
#4 /home/storage/9/b8/93/agente2/eventohdamarco/public/index.php(67): main()
#5 {main}() at line 118: SQLSTATE[42S02]: Base table or view not found: 1051 Unknown table 'tab_assistencias'

2011-02-22 11:52:23 - /home/storage/9/b8/93/agente2/eventohdamarco/lib/inscricao.php in function #0 /home/storage/9/b8/93/agente2/eventohdamarco/lib/inscricao.php(118): PDOStatement->execute()
#1 /home/storage/9/b8/93/agente2/eventohdamarco/lib/view.php(84): inscricao_concessionarias('545')
#2 /home/storage/9/b8/93/agente2/eventohdamarco/lib/wc.php(56): wc_view_inscricao(Array, 'php')
#3 /home/storage/9/b8/93/agente2/eventohdamarco/public/index.php(63): wc_route_dispatch()
#4 /home/storage/9/b8/93/agente2/eventohdamarco/public/index.php(67): main()
#5 {main}() at line 118: SQLSTATE[42S02]: Base table or view not found: 1051 Unknown table 'tab_assistencias'

2011-02-22 12:03:53 - /home/storage/9/b8/93/agente2/eventohdamarco/lib/wc.php in function wc_route_dispatch() at line 67: requested (adminver_inscricao) function wc_view_adminver_inscricao() not found.

2011-02-22 12:04:02: 3

2011-02-22 12:04:16: 3

2011-02-22 12:04:20: 3

2011-02-22 12:04:26: 3

2011-02-22 12:04:29: 3

2011-02-22 12:04:46: 3

2011-02-22 12:13:09: 2

2011-02-22 12:13:20: 2

2011-02-22 12:13:24: 2

2011-02-22 12:16:42: 3

2011-02-22 12:21:24: 3

2011-02-22 12:25:40: 3

2011-02-22 12:31:07 - /home/storage/9/b8/93/agente2/eventohdamarco/lib/wc.php in function wc_route_dispatch() at line 67: requested (img) function wc_view_img() not found.

2011-02-22 12:35:07 - /home/storage/9/b8/93/agente2/eventohdamarco/lib/wc.php in function wc_route_dispatch() at line 67: requested (public) function wc_view_public() not found.

2011-02-22 12:35:11 - /home/storage/9/b8/93/agente2/eventohdamarco/lib/wc.php in function wc_route_dispatch() at line 67: requested (public) function wc_view_public() not found.

2011-02-22 12:35:29 - /home/storage/9/b8/93/agente2/eventohdamarco/lib/wc.php in function wc_route_dispatch() at line 67: requested (public) function wc_view_public() not found.

2011-02-22 12:54:30: 3

2011-02-22 13:28:04: 4

2011-02-22 15:19:33: 125

2011-02-22 15:27:33: 125

2011-02-22 15:27:40: 125

2011-02-22 15:27:43: 125

2011-02-22 15:27:51: 125

2011-02-22 15:28:00: 125

2011-02-22 15:28:00: 125

2011-02-22 15:28:00: 125

2011-02-22 15:28:00: 125

2011-02-22 15:28:00: 125

2011-02-22 15:28:04: 125

2011-02-22 15:28:08: 125

2011-02-22 15:28:12: 125

2011-02-22 15:28:15: 125

2011-02-22 15:28:19: 125

2011-02-24 14:24:09: 1

2011-02-24 14:24:43: 1

2011-02-24 14:33:56: 1

2011-02-24 14:47:38: 1

2011-02-24 14:56:00: 2

2011-02-24 14:56:06: 2

2011-02-24 14:56:12: 2

2011-02-24 14:56:16: 2

2011-02-24 15:29:05: 4

2011-02-24 15:29:10: 4

2011-02-24 15:40:41: 4

2011-02-24 15:50:32: 4

2011-02-24 16:12:21: 4

2011-02-24 16:19:18: 4

2011-02-24 16:33:35: 6

2011-02-24 16:33:44: 6

2011-02-24 16:49:36: 8

2011-02-24 16:49:44: 8

2011-02-24 16:49:51: 8

2011-02-24 17:29:21: 8

2011-02-24 18:09:43: 9

2011-02-24 18:10:29: 9

2011-02-24 18:10:32: 9

2011-02-25 08:03:46: 11

2011-02-25 08:04:04: 11

2011-02-25 08:04:11: 11

2011-02-25 08:04:21: 11

2011-02-25 09:13:49: 12

2011-02-25 09:13:55: 12

2011-02-25 09:14:00: 12

2011-02-25 09:56:10: 12

2011-02-25 10:32:21: 15

2011-02-25 10:32:30: 15

2011-02-25 10:32:35: 15

2011-02-25 11:20:36: 17

2011-02-25 11:20:41: 17

2011-02-25 11:20:51: 17

2011-02-25 11:42:27: 18

2011-02-25 14:07:00: 23

2011-02-25 14:07:11: 23

2011-02-25 14:07:21: 23

2011-02-25 14:07:30: 23

2011-02-25 14:07:34: 23

2011-02-25 14:07:35: 23

2011-02-25 14:07:41: 23

2011-02-25 14:07:46: 23

2011-02-25 14:07:49: 23

2011-02-25 14:35:52: 24

2011-02-25 14:35:57: 24

2011-02-25 14:36:03: 24

2011-02-25 14:53:01: 24

2011-02-25 14:53:04: 24

2011-02-25 15:54:41: 27

2011-02-25 15:54:55: 27

2011-02-25 15:54:59: 27

2011-02-25 15:55:10: 27

2011-02-25 15:55:34: 27

2011-02-25 16:50:54: 30

2011-02-25 16:51:01: 30

2011-02-25 16:51:08: 30

2011-02-25 16:51:12: 30

2011-02-25 16:51:16: 30

2011-02-25 16:51:17: 30

2011-02-25 17:03:12: 32

2011-02-25 17:03:14: 32

2011-02-25 17:03:19: 32

2011-02-25 17:03:22: 32

2011-02-25 17:03:26: 32

2011-02-25 17:39:59: 35

2011-02-25 17:40:02: 35

2011-02-25 17:40:07: 35

2011-02-25 17:40:13: 35

2011-02-25 18:02:30: 36

2011-02-25 18:02:34: 36

2011-02-28 09:01:47: 39

2011-02-28 09:01:49: 39

2011-02-28 09:01:57: 39

2011-02-28 09:02:04: 39

2011-02-28 09:51:26: 39

2011-02-28 09:51:30: 39

2011-02-28 09:51:36: 39

2011-02-28 09:51:49: 39

2011-02-28 09:51:51: 39

2011-02-28 09:53:02: 39

2011-02-28 09:53:07: 39

2011-02-28 09:53:11: 39

2011-02-28 09:53:44: 39

2011-02-28 09:53:54: 39

2011-02-28 09:54:07: 39

2011-02-28 09:54:09: 39

2011-02-28 09:59:09: 39

2011-02-28 09:59:16: 39

2011-02-28 09:59:18: 39

2011-02-28 10:21:49: 40

2011-02-28 10:21:57: 40

2011-02-28 10:22:02: 40

2011-02-28 11:01:05: 43

2011-02-28 11:01:07: 43

2011-02-28 11:01:11: 43

2011-02-28 11:01:15: 43

2011-02-28 11:01:18: 43

2011-02-28 11:01:20: 43

2011-02-28 11:10:01: 45

2011-02-28 11:10:04: 45

2011-02-28 11:10:09: 45

2011-02-28 11:10:11: 45

2011-02-28 11:45:15: 47

2011-02-28 11:45:17: 47

2011-02-28 11:45:22: 47

2011-02-28 14:01:51: 51

2011-02-28 14:01:53: 51

2011-02-28 14:01:54: 51

2011-02-28 14:02:01: 51

2011-02-28 14:02:06: 51

2011-02-28 14:02:10: 51

2011-02-28 14:02:14: 51

2011-02-28 15:29:48: 56

2011-02-28 15:29:50: 56

2011-02-28 15:29:57: 56

2011-02-28 15:30:06: 56

2011-02-28 15:30:39: 56

2011-02-28 15:30:57: 56

2011-02-28 15:31:05: 56

2011-02-28 15:31:11: 56

2011-02-28 15:31:18: 56

2011-02-28 15:31:27: 56

2011-02-28 15:31:32: 56

2011-02-28 15:38:13 - /home/storage/9/b8/93/agente2/eventohdamarco/lib/wc.php in function wc_route_dispatch() at line 67: requested (l) function wc_view_l() not found.

2011-02-28 15:38:41: 56

2011-02-28 15:38:43: 56

2011-02-28 15:38:50: 56

2011-02-28 15:43:59: 57

2011-02-28 15:44:02: 57

2011-02-28 15:44:13: 57

2011-02-28 15:44:26: 57

2011-02-28 15:44:28: 57

2011-02-28 16:48:26: 59

2011-02-28 16:48:28: 59

2011-02-28 16:48:34: 59

2011-03-01 08:38:43: 60

2011-03-01 08:38:45: 60

2011-03-01 08:38:48: 60

2011-03-01 08:38:59: 60

2011-03-01 08:39:06: 60

2011-03-01 08:39:12: 60

2011-03-01 08:39:16: 60

2011-03-01 09:01:38: 61

2011-03-01 09:01:40: 61

2011-03-01 09:01:43: 61

2011-03-01 09:01:44: 61

2011-03-01 09:02:35: 61

2011-03-01 09:02:37: 61

2011-03-01 09:02:45: 61

2011-03-01 09:02:46: 61

2011-03-01 09:18:47: 63

2011-03-01 09:19:19: 63

2011-03-01 09:19:24: 63

2011-03-01 09:19:26: 63

2011-03-01 09:19:30: 63

2011-03-01 09:19:38: 63

2011-03-01 09:19:50: 63

2011-03-01 09:19:54: 63

2011-03-01 09:29:22 - /home/storage/9/b8/93/agente2/eventohdamarco/public/index.php in function #0 /home/storage/9/b8/93/agente2/eventohdamarco/public/index.php(56): PDO->__construct('mysql:host=mysq...', 'agente22', 'agt2xx10', Array)
#1 /home/storage/9/b8/93/agente2/eventohdamarco/public/index.php(67): main()
#2 {main}() at line 56: SQLSTATE[HY000] [2013] Lost connection to MySQL server at 'reading initial communication packet', system error: 110

2011-03-01 10:03:00: 64

2011-03-01 10:03:03: 64

2011-03-01 10:03:07: 64

2011-03-01 10:24:55: 65

2011-03-01 10:25:42: 65

2011-03-01 10:46:37: 66

2011-03-01 10:46:40: 66

2011-03-01 10:46:42: 66

2011-03-01 10:47:03: 66

2011-03-01 10:47:13: 1

2011-03-01 10:47:22: 1

2011-03-01 10:47:41: 66

2011-03-01 10:47:43: 66

2011-03-01 10:47:47: 66

2011-03-01 11:27:45: 67

2011-03-01 11:28:02: 0

2011-03-01 13:50:09: 70

2011-03-01 13:50:11: 70

2011-03-01 13:50:18: 70

2011-03-01 13:50:24: 70

2011-03-01 13:50:30: 70

2011-03-01 13:50:34: 70

2011-03-01 13:50:40: 70

2011-03-01 13:50:47: 70

2011-03-01 13:51:05: 70

2011-03-01 13:51:09: 70

2011-03-01 13:51:18: 70

2011-03-01 13:51:29: 70

2011-03-01 13:51:34: 70

2011-03-01 13:51:40: 70

2011-03-01 13:51:46: 70

2011-03-01 13:52:11: 1

2011-03-01 13:52:17: 1

2011-03-01 15:04:45: 70

2011-03-01 15:04:48: 70

2011-03-01 15:04:53: 70

2011-03-01 15:40:12: 71

2011-03-01 15:40:14: 71

2011-03-01 16:45:57: 73

2011-03-01 16:45:59: 73

2011-03-01 16:46:04: 73

2011-03-01 16:46:09: 73

2011-03-01 16:55:12: 73

2011-03-01 17:54:45: 74

2011-03-01 17:54:49: 74

2011-03-01 17:54:55: 74

2011-03-02 08:58:41: 74

2011-03-02 08:58:44: 74

2011-03-02 09:01:29: 74

2011-03-02 11:27:29: 74

2011-03-02 11:27:37: 1

2011-03-02 11:27:52: 1

2011-03-02 14:04:09: 75

2011-03-02 14:04:51: 1

2011-03-02 14:04:59: 1

2011-03-02 14:56:30: 76

2011-03-02 14:56:32: 76

2011-03-02 14:56:39: 76

2011-03-02 14:56:44: 76

2011-03-02 15:45:47: 77

2011-03-02 15:46:03: 77

2011-03-02 15:58:40: 77

2011-03-02 15:58:43: 77

2011-03-02 17:29:12: 79

2011-03-02 17:29:15: 79

2011-03-02 17:29:25: 79

2011-03-02 17:29:33: 79

2011-03-03 08:24:59: 80

2011-03-03 08:25:02: 80

2011-03-03 08:25:07: 80

2011-03-03 08:25:12: 80

2011-03-03 09:58:49: 80

2011-03-03 09:58:51: 80

2011-03-03 11:07:10 - /home/storage/9/b8/93/agente2/eventohdamarco/lib/inscricao.php in function #0 /home/storage/9/b8/93/agente2/eventohdamarco/lib/inscricao.php(11): PDOStatement->execute()
#1 /home/storage/9/b8/93/agente2/eventohdamarco/lib/view.php(199): inscricao_concessionaria_por_codigo(''')
#2 /home/storage/9/b8/93/agente2/eventohdamarco/lib/wc.php(56): wc_view_concessionaria_dados(Array, 'php')
#3 /home/storage/9/b8/93/agente2/eventohdamarco/public/index.php(63): wc_route_dispatch()
#4 /home/storage/9/b8/93/agente2/eventohdamarco/public/index.php(67): main()
#5 {main}() at line 11: SQLSTATE[42000]: Syntax error or access violation: 1064 You have an error in your SQL syntax; check the manual that corresponds to your MySQL server version for the right syntax to use near '''' LIMIT 1' at line 1

2011-03-03 11:07:11 - /home/storage/9/b8/93/agente2/eventohdamarco/lib/inscricao.php in function #0 /home/storage/9/b8/93/agente2/eventohdamarco/lib/inscricao.php(11): PDOStatement->execute()
#1 /home/storage/9/b8/93/agente2/eventohdamarco/lib/view.php(199): inscricao_concessionaria_por_codigo(''0')
#2 /home/storage/9/b8/93/agente2/eventohdamarco/lib/wc.php(56): wc_view_concessionaria_dados(Array, 'php')
#3 /home/storage/9/b8/93/agente2/eventohdamarco/public/index.php(63): wc_route_dispatch()
#4 /home/storage/9/b8/93/agente2/eventohdamarco/public/index.php(67): main()
#5 {main}() at line 11: SQLSTATE[42000]: Syntax error or access violation: 1064 You have an error in your SQL syntax; check the manual that corresponds to your MySQL server version for the right syntax to use near '0' LIMIT 1' at line 1

2011-03-03 18:17:37: 93

2011-03-03 18:17:41: 93

2011-03-03 18:17:43: 93

2011-03-03 18:17:48: 93

2011-03-03 18:17:51: 93

2011-03-03 18:17:55: 93

2011-03-03 18:18:04: 93

2011-03-03 18:18:08: 93

2011-03-03 18:18:11: 93

2011-03-03 18:18:15: 93

2011-03-03 18:18:18: 93

2011-03-03 18:18:21: 93

2011-03-03 18:18:25: 93

2011-03-03 18:18:29: 93

2011-03-03 18:18:35: 93

2011-03-03 18:18:41: 93

2011-03-03 18:18:44: 93

2011-03-03 18:30:57: 93

2011-03-03 18:31:08: 1

2011-03-04 08:22:33: 95

2011-03-04 08:22:35: 95

2011-03-04 08:22:37: 95

2011-03-04 08:22:41: 95

2011-03-04 08:36:47: 95

2011-03-04 08:36:58: 0

2011-03-04 08:37:11: 0

2011-03-04 10:54:22: 99

2011-03-04 10:54:45: 0

2011-03-04 10:55:15: 99

2011-03-04 10:55:18: 99

2011-03-04 10:55:21: 99

2011-03-04 10:55:25: 99

2011-03-04 10:55:29: 99

2011-03-04 10:55:33: 99

2011-03-04 10:55:37: 99

2011-03-04 11:03:25: 99

2011-03-04 11:21:29: 100

2011-03-04 11:21:32: 100

2011-03-04 11:21:34: 100

2011-03-04 13:07:24: 102

2011-03-04 13:07:27: 102

2011-03-04 13:07:30: 102

2011-03-04 13:07:34: 102

2011-03-04 13:07:42: 102

2011-03-04 13:08:21: 102

2011-03-04 13:08:23: 102

2011-03-04 15:44:09: 108

2011-03-04 16:26:03: 110

2011-03-04 16:26:05: 110

2011-03-04 16:26:07: 110

2011-03-04 16:26:13: 110

2011-03-04 16:26:20: 110

2011-03-04 16:26:23: 110

2011-03-04 16:26:28: 110

2011-03-04 16:26:32: 110

2011-03-04 16:26:36: 110

2011-03-04 16:26:39: 110

2011-03-04 19:33:48: 119

2011-03-04 19:33:51: 119

2011-03-04 19:33:53: 119

2011-03-04 19:34:03: 119

2011-03-04 19:34:11: 119

2011-03-04 19:34:17: 119

2011-03-04 19:34:22: 119

2011-03-04 19:34:26: 119

2011-03-04 19:34:30: 119

2011-03-04 19:34:36: 119

2011-03-04 19:34:39: 119

2011-03-04 19:34:43: 119

2011-03-04 19:34:49: 119

2011-03-06 11:31:59: 119

2011-03-06 11:32:02: 119

2011-03-06 11:32:04: 119

2011-03-06 11:32:11: 119

2011-03-06 11:32:14: 119

2011-03-06 11:32:19: 119

2011-03-06 11:32:23: 119

2011-03-06 11:32:28: 119

2011-03-06 11:32:33: 119

2011-03-06 11:36:42: 119

2011-03-06 11:39:36: 119

2011-03-06 11:39:50: 119

2011-03-09 21:28:31: 119

2011-03-09 21:41:12: 119

2011-03-09 21:43:50: 1

2011-03-09 21:44:34: 119

2011-03-09 21:44:46: 1

2011-03-10 09:42:42: 120

2011-03-10 09:42:44: 120

2011-03-10 09:42:46: 120

2011-03-10 09:42:48: 120

2011-03-10 09:42:53: 120

2011-03-10 09:43:01: 120

2011-03-10 09:57:42: 120

2011-03-10 09:57:44: 120

2011-03-10 09:57:46: 120

2011-03-10 13:03:45: 121

2011-03-10 13:03:48: 121

2011-03-10 13:03:50: 121

2011-03-10 13:03:54: 121

2011-03-10 13:03:57: 121

2011-03-10 13:04:04: 121

2011-03-10 13:04:06: 121

2011-03-10 13:04:39: 121

2011-03-10 13:04:46: 121

2011-03-10 13:04:51: 121

2011-03-10 15:10:55: 121

2011-03-10 15:10:58: 121

2011-03-10 15:11:00: 121

2011-03-10 15:11:05: 121

2011-03-10 15:11:07: 121

2011-03-11 07:18:42: 121

2011-08-29 13:55:10: 121

2011-08-29 13:55:31: 121

2011-08-29 13:59:36: 121

2011-08-29 23:29:05: 121

2011-08-29 23:32:27: Importacao: Tabela tab2_assistencias resetada

2011-08-29 23:32:27: Importacao: Concessionarias iniciada.

2011-08-29 23:32:27: Importacao: Concessionarias finalizada.

2011-08-29 23:41:16: 0

2011-08-29 23:44:48: 1

2011-08-29 23:44:57: 1

2011-08-29 23:45:57: 0

2011-08-30 10:35:59 - /home/storage/9/b8/93/agente2/eventohdamarco/lib/wc.php in function wc_route_dispatch() at line 67: requested (ad,o) function wc_view_ad,o() not found.

2011-08-30 10:35:59 - /home/storage/9/b8/93/agente2/eventohdamarco/lib/wc.php in function wc_route_dispatch() at line 67: requested (ad) function wc_view_ad() not found.

2011-08-30 10:36:26: 2

2011-08-30 10:36:42: 2

2011-08-30 10:36:44: 2

2011-08-30 10:36:52: 2

2011-08-30 10:37:09: 2

2011-08-30 11:03:35: 2

2011-08-30 11:03:47: 2

2011-08-30 11:03:53: 2

2011-08-30 11:03:54: 2

2011-08-30 11:03:59: 2

2011-08-30 11:04:26: 2

2011-08-30 11:04:34: 2

2011-08-30 11:04:41: 2

2011-08-30 11:04:45: 2

2011-08-30 11:06:20: 2

2011-08-30 11:38:44 - /home/storage/9/b8/93/agente2/eventohdamarco/lib/wc.php in function wc_route_dispatch() at line 67: requested (a) function wc_view_a() not found.

2011-08-30 11:38:44: 2

2011-08-30 11:48:47: 2

2011-08-30 15:17:02: 6

2011-08-30 15:17:07: 6

2011-08-30 15:17:10: 6

2011-08-30 15:17:13: 6

2011-08-30 15:17:16: 6

2011-08-30 15:17:31: 6

2011-08-30 15:17:44: 6

2011-08-30 22:33:42: 12

2011-08-30 22:33:50: 12

2011-08-30 22:34:11: 12

2011-08-30 22:39:04: 12

2011-08-30 22:46:39: 11

2011-08-30 22:51:37: 0

2011-08-30 22:56:13: Importacao: Tabela tab2_inscricoes resetada

2011-08-30 22:56:13: Importacao: Tabela tab2_inscricoes_assistencias resetada

2011-08-30 22:56:13: Importacao: Tabela tab2_participantes resetada

2011-08-31 11:01:06: 1

2011-08-31 11:01:13: 1

2011-08-31 11:01:58: 2

2011-08-31 11:41:41 - /home/storage/9/b8/93/agente2/eventohdamarco/lib/inscricao.php in function #0 /home/storage/9/b8/93/agente2/eventohdamarco/lib/inscricao.php(196): PDO->exec('INSERT INTO tab...')
#1 /home/storage/9/b8/93/agente2/eventohdamarco/lib/view.php(140): inscricao_salva_participante()
#2 /home/storage/9/b8/93/agente2/eventohdamarco/lib/wc.php(56): wc_view_inscricao('8', '', '', '', NULL)
#3 /home/storage/9/b8/93/agente2/eventohdamarco/public/index.php(63): wc_route_dispatch()
#4 /home/storage/9/b8/93/agente2/eventohdamarco/public/index.php(67): main()
#5 {main}() at line 196: SQLSTATE[23000]: Integrity constraint violation: 1048 Column 'str_participantes_nome' cannot be null

2011-08-31 11:42:47: 8

2011-08-31 11:42:58: Importacao: Tabela tab2_inscricoes resetada

2011-08-31 11:42:58: Importacao: Tabela tab2_inscricoes_assistencias resetada

2011-08-31 11:42:58: Importacao: Tabela tab2_participantes resetada

2011-08-31 11:43:03: 0

2011-08-31 11:43:31: 1

2011-08-31 11:43:37: Importacao: Tabela tab2_inscricoes resetada

2011-08-31 11:43:37: Importacao: Tabela tab2_inscricoes_assistencias resetada

2011-08-31 11:43:37: Importacao: Tabela tab2_participantes resetada

2011-08-31 11:43:39: 0

2011-08-31 13:15:19: 1

2011-08-31 13:29:36: 2

2011-08-31 13:29:42: 2

2011-08-31 13:30:37: 2

2011-08-31 13:30:57: 2

2011-08-31 13:38:25: 2

2011-08-31 15:00:42: 6

2011-08-31 15:00:49: 6

2011-08-31 15:08:48: 8

2011-08-31 15:08:59: 8

2011-08-31 15:09:04: 8

2011-08-31 15:09:17: 8

2011-08-31 15:09:32: 7

2011-08-31 15:09:37: 7

2011-08-31 15:09:48: 7

2011-08-31 15:16:38: 8

2011-08-31 15:22:15: 10

2011-08-31 15:22:23: 10

2011-08-31 15:30:03: 12

2011-08-31 15:30:20: 12

2011-08-31 15:31:44: 14

2011-08-31 15:31:53: 14

2011-09-05 12:58:11 - /home/storage/9/b8/93/agente2/eventohdamarco/lib/wc.php in function wc_route_dispatch() at line 67: requested (a) function wc_view_a() not found.

2011-09-05 12:58:12 - /home/storage/9/b8/93/agente2/eventohdamarco/lib/wc.php in function wc_route_dispatch() at line 67: requested (admi) function wc_view_admi() not found.

2011-09-05 12:58:38: 16

2011-09-05 12:58:45: 16

2011-09-05 12:58:48: 16

2011-09-05 12:58:51: 16

2011-09-05 12:58:56 - /home/storage/9/b8/93/agente2/eventohdamarco/lib/wc.php in function wc_route_dispatch() at line 67: requested (l) function wc_view_l() not found.

2011-09-05 12:58:57 - /home/storage/9/b8/93/agente2/eventohdamarco/lib/wc.php in function wc_route_dispatch() at line 67: requested (l) function wc_view_l() not found.

2011-09-05 12:58:57 - /home/storage/9/b8/93/agente2/eventohdamarco/lib/wc.php in function wc_route_dispatch() at line 67: requested (lim) function wc_view_lim() not found.

2011-09-05 12:58:58 - /home/storage/9/b8/93/agente2/eventohdamarco/lib/wc.php in function wc_route_dispatch() at line 67: requested (limpar) function wc_view_limpar() not found.

2011-09-05 12:58:59: Importacao: Tabela tab2_inscricoes resetada

2011-09-05 12:58:59: Importacao: Tabela tab2_inscricoes_assistencias resetada

2011-09-05 12:58:59: Importacao: Tabela tab2_participantes resetada

2011-09-05 12:59:03: 0

2011-09-05 13:55:15: 0

2011-09-06 14:58:28: Importacao: Tabela tab2_inscricoes resetada

2011-09-06 14:58:28: Importacao: Tabela tab2_inscricoes_assistencias resetada

2011-09-06 14:58:28: Importacao: Tabela tab2_participantes resetada

2011-09-06 14:58:37: 0

2011-09-08 07:54:05: 9

2011-09-08 09:28:24: 11

2011-09-08 09:28:36: 11

2011-09-08 09:28:44: 11

2011-09-08 09:28:49: 11

2011-09-08 09:28:52: 11

2011-09-08 09:28:55: 11

2011-09-08 09:29:00: 11

2011-09-08 09:29:03: 11

2011-09-08 13:36:56: 24

2011-09-08 13:37:01: 24

2011-09-08 13:37:49: 24

2011-09-08 13:37:53: 24

2011-09-08 13:37:59: 24

2011-09-08 19:20:39: 52

2011-09-08 19:20:41: 52

2011-09-08 19:20:44: 52

2011-09-09 08:38:38: 54

2011-09-09 08:38:41: 54

2011-09-09 08:38:47: 54

2011-09-09 08:38:53: 54

2011-09-09 08:39:01: 54

2011-09-09 14:55:26: 93

2011-09-09 14:55:36: 1

2011-09-09 14:55:52: 0

2011-09-12 09:06:18: 123

2011-09-12 11:21:57: 143

2011-09-12 11:22:07: 1

2011-09-12 11:22:29: 0

2011-09-12 11:22:32: 0

2011-09-12 11:22:38: 0

2011-09-12 11:22:46: 1

2011-09-12 11:22:55: 1

2011-09-12 11:40:01: 141

2011-09-12 15:04:49: 156

2011-09-13 08:44:51: 183

2011-09-13 08:47:12: 183

2011-09-13 08:47:15: 183

2011-09-13 08:47:16: 183

2011-09-13 08:47:18: 183

2011-09-13 08:47:21: 183

2011-09-13 08:47:23: 183

2011-09-13 08:47:30: 183

2011-09-13 10:13:29: 187

2011-09-13 11:24:07: 195

2011-09-13 11:24:21: 1

2011-09-13 11:24:48: 0

2011-09-13 11:24:56: 194

2011-09-13 17:53:50: 216

2011-09-14 11:27:58: 237

2011-09-16 14:56:07: 317

2011-09-16 15:03:31: 319

2011-09-16 15:03:34: 319

2011-09-16 15:03:36: 319

2011-09-16 15:03:39: 319

2011-09-16 15:03:42: 319

2011-09-16 15:03:47: 319

2011-09-19 09:42:32: 335

2011-09-19 09:52:52: 336

2011-09-19 09:53:51: 1

2011-09-19 09:54:00: 1

2011-09-19 09:58:56: 338

2011-09-19 09:59:03: 1

2011-09-19 09:59:10: 1

2011-09-20 08:10:39: 394

2011-09-20 08:50:08: 394

2011-09-20 08:50:33: 1

2011-09-20 08:50:44: 0

2011-09-20 14:03:18: 402

2011-09-20 14:42:31: 402

2011-09-20 16:42:24: 416

2011-09-21 08:14:28: 429

2011-09-21 08:14:36: 1

2011-09-21 09:29:13: 431

2011-09-21 09:29:41: 1

2011-09-21 09:29:52: 1

2011-09-21 15:38:58: 466

2011-09-21 15:39:46: 1

2011-09-21 15:40:03: 1

2011-09-21 15:40:11: 1

2011-09-21 15:40:14: 1

2011-09-22 08:49:03: 475

2011-09-22 09:06:20: 476

2011-09-22 09:06:26: 1

2011-09-22 09:07:00: 1

2011-09-22 09:07:31: 0

2011-09-22 09:07:49: 0

2011-09-22 10:46:30: 489

2011-09-22 10:47:08: 1

2011-09-22 10:47:18: 1

2011-09-22 17:03:40: 528

2011-09-22 17:04:50: 1

2011-09-22 17:05:10: 1

2011-09-22 18:05:59: 529

2011-09-22 18:06:09: 1

2011-09-22 18:06:20: 0

2011-09-22 18:14:47: 531

2011-09-22 18:15:01: 1

2011-09-22 18:15:09: 1

2011-09-22 18:15:14: 1

2011-09-22 18:15:22: 1

2011-09-22 18:36:03: 532

2011-09-23 09:41:02: 539

2011-09-23 15:38:44: 570

2011-09-23 15:39:12: 1

2011-09-23 15:39:23: 1

2011-09-23 15:39:27: 1

2011-09-23 15:39:33: 1

2011-09-23 15:54:56: 570

2011-09-23 17:03:28: 583

2011-09-26 09:11:47: 587

2011-09-26 09:12:15: 1

2011-09-26 09:12:33: 1

2011-09-26 09:14:25: 1

2011-09-26 09:14:33: 0

2011-09-26 09:14:40: 586

2011-09-26 14:21:56: 593

2011-09-26 16:38:47: 595

2011-09-27 19:21:10: 608

2011-09-29 14:41:54: 615

2011-09-29 14:42:04: 1

2011-09-29 14:42:15: 1

2011-09-29 14:42:25: 1

2011-09-29 14:42:32: 1

2011-09-29 17:07:48: 615

2011-09-29 17:07:53: 1

2011-09-29 17:07:57: 1

2011-09-29 18:26:58: 624

2011-09-29 19:12:47: 624

2011-09-30 11:26:26: 626

2011-09-30 15:04:12: 628

2011-09-30 15:04:34: 1

2011-09-30 15:04:45: 1

2011-09-30 15:58:14: 628

2011-09-30 15:59:48: 1

2011-09-30 17:06:51: 628

2011-09-30 17:07:06: 628

2011-09-30 17:07:12: 628

2011-09-30 17:07:15: 628

2011-09-30 17:07:19: 628

2011-09-30 17:07:22: 628

2011-09-30 17:07:28: 628

2011-09-30 17:07:33: 628

2011-09-30 17:07:37: 628

2011-09-30 17:07:42: 628

2011-09-30 17:07:47: 628

2011-09-30 17:07:53: 628

2011-09-30 17:07:55: 628

2011-09-30 17:08:04: 628

2011-09-30 17:37:35: 628

2011-10-02 18:59:28: 630

2012-05-16 02:32:50: 639

2012-05-16 02:51:06: 639

2012-05-16 02:51:21: 639

2012-05-16 02:54:08: 639

2012-05-16 02:54:22: 639

2012-05-16 02:54:30: 639

2012-05-16 02:54:38: 639

2012-05-16 02:59:50: 639

